

processing file: README.Rmd
running: bash  -c "VCF='/gata/mar/cophyhopa/results/2022-04-22/assem2_outfiles/assem2.vcf'

if [ ! -e dirty.recode.vcf ]; then
  vcftools --vcf \$VCF \\
           --out dirty \\
           --remove ~/cophyhopa/results/2022-05-04/TheWorst.txt \\
           --recode \\
           --recode-INFO-all
fi

## FOR ALPINE POPULATIONS
vcftools --vcf dirty.recode.vcf \\
         --out ./FST/alpine \\
         --thin 500 \\
         --remove-indels \\
         --mac 2 \\
         --max-alleles 2 \\
         --max-meanDP 1000 \\
         --max-missing 1 \\
         --weir-fst-pop C.zuerichensis.txt \\
         --weir-fst-pop C.heglingus.txt \\
         --weir-fst-pop C.confusus.txt \\
         --weir-fst-pop C.fatioi.txt \\
         --weir-fst-pop C.albellus.txt \\
         --weir-fst-pop C.acrinasus.txt \\
         --weir-fst-pop C.steinmanni.txt \\
         --weir-fst-pop C.profundus.txt \\
         --weir-fst-pop C.duplex.txt
         
vcftools --vcf dirty.recode.vcf \\
         --out ./FST/alpine_w \\
         --thin 500 \\
         --remove-indels \\
         --mac 2 \\
         --max-alleles 2 \\
         --max-meanDP 1000 \\
         --max-missing 1 \\
         --weir-fst-pop C.zuerichensis.txt \\
         --weir-fst-pop C.heglingus.txt \\
         --weir-fst-pop C.confusus.txt \\
         --weir-fst-pop C.fatioi.txt \\
         --weir-fst-pop C.albellus.txt \\
         --weir-fst-pop C.acrinasus.txt \\
         --weir-fst-pop C.steinmanni.txt \\
         --weir-fst-pop C.profundus.txt \\
         --weir-fst-pop C.duplex.txt \\
         --fst-window-size 250000\\
         --fst-window-step 50000
         
         
## FOR ARCTIC POPULATIONS
vcftools --vcf dirty.recode.vcf \\
         --out ./FST/arctic \\
         --thin 500 \\
         --remove-indels \\
         --mac 2 \\
         --max-alleles 2 \\
         --max-meanDP 1000 \\
         --max-missing 1 \\
         --weir-fst-pop LAN_D.txt \\
         --weir-fst-pop LAN_L.txt \\
         --weir-fst-pop LAN_P.txt \\
         --weir-fst-pop SUO_L.txt \\
         --weir-fst-pop SUO_P.txt
         
vcftools --vcf dirty.recode.vcf \\
         --out ./FST/arctic_w \\
         --thin 500 \\
         --remove-indels \\
         --mac 2 \\
         --max-alleles 2 \\
         --max-meanDP 1000 \\
         --max-missing 1 \\
         --weir-fst-pop LAN_D.txt \\
         --weir-fst-pop LAN_L.txt \\
         --weir-fst-pop LAN_P.txt \\
         --weir-fst-pop SUO_L.txt \\
         --weir-fst-pop SUO_P.txt \\
         --fst-window-size 250000\\
         --fst-window-step 50000

## FOR ALL POPULATIONS
vcftools --vcf dirty.recode.vcf \\
         --out ./FST/all_pop \\
         --thin 500 \\
         --remove-indels \\
         --mac 2 \\
         --max-alleles 2 \\
         --max-meanDP 1000 \\
         --max-missing 1 \\
         --weir-fst-pop ALPIND.txt \\
         --weir-fst-pop ARCIND.txt
         
vcftools --vcf dirty.recode.vcf \\
         --out ./FST/all_pop_w \\
         --thin 500 \\
         --remove-indels \\
         --mac 2 \\
         --max-alleles 2 \\
         --max-meanDP 1000 \\
         --max-missing 1 \\
         --weir-fst-pop ALPIND.txt \\
         --weir-fst-pop ARCIND.txt \\
         --fst-window-size 250000\\
         --fst-window-step 50000
         
         

"
output file: README.knit.md


Output created: README.html
