Kmer Analysis Toolkit (KAT) V2.4.2

Running KAT in HIST mode
------------------------

Input 1 is a sequence file.  Counting kmers for input 1 (175619/lane2.fasta) ...
Warning: Specified hash size insufficent - attempting to double hash size...
Warning: Specified hash size insufficent - attempting to double hash size...
Warning: Specified hash size insufficent - attempting to double hash size...
Warning: Specified hash size insufficent - attempting to double hash size... success!
 success!
 success!
 success!
 done.  Time taken: 115.2s

Bining kmers ... done.  Time taken: 4.5s

Merging counts ... done.  Time taken: 0.0s

Saving results to disk ... done.  Time taken: 0.0s

Creating plot ... done.  Time taken: 0.9s

Analysing peaks
---------------

Analysing distributions for: 175619/lane2.hist ... done.  Time taken:  5.4s

K-mer frequency spectra statistics
----------------------------------
K-value used: 27
Peaks in analysis: 3
Global minima @ Frequency=102x (9275)
Global maxima @ Frequency=103x (9467)
Overall mean k-mer frequency: 154x

  Index    Left    Mean    Right    StdDev    Max    Volume  Description
-------  ------  ------  -------  --------  -----  --------  -------------
      1   16.21     103   189.79     43.39   3037    327559  1X
      2   20.2      204   387.8      91.9    1135    258108  2X
      3   30.64     412   793.36    190.68     47     14917  4X

Calculating genome statistics
-----------------------------
Assuming that homozygous peak is the largest in the spectra with frequency of: 103x
Homozygous peak index: 1
CAUTION: the following estimates are based on having a clean spectra and having identified the correct homozygous peak!
Estimated genome size: 0.89 Mbp

Creating plots
--------------

Plotting K-mer frequency distributions ... done.  Saved to: None


KAT HIST completed.
Total runtime: 126.6s

