

processing file: README.Rmd
running: bash  -c "# Create the vcf.gz file (remove the hybrids and zip vcf)
VCF='/gata/mar/cophyhopa/results/2022-04-22/assem2_outfiles/assem2.vcf'
FILE=suite
if [ ! -e \$FILE.vcf.gz ]; then
   vcftools --vcf \$VCF \\
            --out dirty \\
            --keep keep.txt \\
            --remove ~/cophyhopa/results/2022-05-04/TheWorst.txt \\
            --recode \\
            --recode-INFO-all
   vcftools --vcf dirty.recode.vcf \\
            --out \$FILE \\
            --thin 500 \\
            --remove-indels \\
            --mac 2 \\
            --max-alleles 2 \\
            --max-meanDP 1000 \\
            --max-missing 1 \\
            --stdout \\
            --recode --recode-INFO-all \\
            | gzip > \$FILE.vcf.gz
fi
if [ -e dirty.recode.vcf ]; then rm dirty.recode.vcf; fi"
running: bash  -c 'FILE=suite

Dsuite Dtrios $FILE.vcf.gz pop.txt
'
Loading required package: R.oo
Loading required package: R.methodsS3
R.methodsS3 v1.8.1 (2020-08-26 16:20:06 UTC) successfully loaded. See ?R.methodsS3 for help.
R.oo v1.24.0 (2020-08-26 16:11:58 UTC) successfully loaded. See ?R.oo for help.

Attaching package: 'R.oo'

The following object is masked from 'package:R.methodsS3':

    throw

The following objects are masked from 'package:methods':

    getClasses, getMethods

The following objects are masked from 'package:base':

    attach, detach, load, save

R.utils v2.11.0 (2021-09-26 08:30:02 UTC) successfully loaded. See ?R.utils for help.

Attaching package: 'R.utils'

The following object is masked from 'package:utils':

    timestamp

The following objects are masked from 'package:base':

    cat, commandArgs, getOption, inherits, isOpen, nullfile, parse,
    warnings

output file: README.knit.md


Output created: README.html
Warning messages:
1: In plot_tree("~/cophyhopa/results/2022-06-02/ALP_TREE/outALP_TREE.0",  :
  NAs introduced by coercion
2: In plot_tree("~/cophyhopa/results/2022-06-02/ALP_TREE/outALP_TREE.0",  :
  NAs introduced by coercion
3: In plot_tree("~/cophyhopa/results/2022-06-02/ALP_TREE/outALP_TREE.0",  :
  NAs introduced by coercion
4: In plot_tree("~/cophyhopa/results/2022-06-02/ALP_TREE/outALP_TREE.0",  :
  NAs introduced by coercion
5: In max(e[e[, 5] == "MIG", 4]) :
  no non-missing arguments to max; returning -Inf
