

processing file: README.Rmd
running: bash  -c "VCF=../2022-04-22/assem2_outfiles/assem2.vcf
FISHDATA=../../data/Fish_clean2.tsv

if [ ! -d FST ]; then mkdir FST; fi

if [ ! -e FST/Thun-Brienz.windowed.weir.fst ]; then
   if [ ! -e dirty.recode.vcf ]; then
      vcftools --vcf \$VCF \\
               --out dirty \\
               --remove ../2022-05-04/TheWorst.txt \\
               --recode \\
               --recode-INFO-all > vcftools.log 2>&1 
   fi

   if [ ! -e C.fatioi.txt ]; then
      gawk '(\$19 == \"C.fatioi\"){print \$1}' \$FISHDATA > C.fatioi.txt
   fi

   if [ ! -e C.steinmanni ]; then
      gawk '(\$19 == \"C.steinmanni\"){print \$1}' \$FISHDATA > C.steinmanni.txt
   fi

   vcftools --vcf dirty.recode.vcf \\
            --out FST/Thun-Brienz \\
            --thin 500 \\
            --remove-indels \\
            --mac 2 \\
            --max-alleles 2 \\
            --max-missing 1 \\
            --max-meanDP 1000 \\
            --weir-fst-pop C.fatioi.txt \\
            --weir-fst-pop C.steinmanni.txt \\
            --fst-window-size 1000000 \\
            --fst-window-step  250000 >> vcftools.log 2>&1
fi"
running: bash  -c "FISHDATA=../../data/Fish_clean2.tsv

if [ ! -e FST/Walen-Zurich.windowed.weir.fst ]; then
   if [ ! -e C.zuerichensis.txt ]; then
      gawk '(\$19 == \"C.zuerichensis\"){print \$1}' \$FISHDATA > C.zuerichensis.txt
   fi
   
   if [ ! -e C.duplex.txt ]; then
      gawk '(\$19 == \"C.duplex\"){print \$1}' \$FISHDATA > C.duplex.txt
   fi
   vcftools --vcf dirty.recode.vcf \\
            --out FST/Walen-Zurich \\
            --thin 500 \\
            --remove-indels \\
            --mac 2 \\
            --max-alleles 2 \\
            --max-missing 1 \\
            --max-meanDP 1000 \\
            --weir-fst-pop C.zuerichensis.txt \\
            --weir-fst-pop C.duplex.txt \\
            --fst-window-size 1000000 \\
            --fst-window-step  250000 >> vcftools.log 2>&1
fi"
running: bash  -c 'if [ ! -e FST/Suo.windowed.weir.fst ]; then
   P=../2022-12-23/SUO_P.txt
   L=../2022-12-23/SUO_L.txt
   
   vcftools --vcf dirty.recode.vcf \
            --out FST/Suo \
            --thin 500 \
            --remove-indels \
            --mac 2 \
            --max-alleles 2 \
            --max-missing 1 \
            --max-meanDP 1000 \
            --weir-fst-pop $P \
            --weir-fst-pop $L \
            --fst-window-size 1000000 \
            --fst-window-step  250000 >> vcftools.log 2>&1
fi'
running: bash  -c 'if [ ! -e FST/Lan.windowed.weir.fst ]; then
   P=../2022-12-23/LAN_P.txt
   L=../2022-12-23/LAN_L.txt
   
   vcftools --vcf dirty.recode.vcf \
            --out FST/Lan \
            --thin 500 \
            --remove-indels \
            --mac 2 \
            --max-alleles 2 \
            --max-missing 1 \
            --max-meanDP 1000 \
            --weir-fst-pop $P \
            --weir-fst-pop $L \
            --fst-window-size 1000000 \
            --fst-window-step  250000 >> vcftools.log 2>&1
fi'
running: bash  -c 'if [ ! -e FST/Thun-Brienz.ind.windowed.weir.fst ]; then
   vcftools --vcf dirty.recode.vcf \
            --out FST/Thun-Brienz.ind \
            --thin 500 \
            --remove-indels \
            --mac 2 \
            --max-alleles 2 \
            --max-missing 1 \
            --max-meanDP 1000 \
            --weir-fst-pop C.fatioi.txt \
            --weir-fst-pop C.steinmanni.txt \
            --fst-window-size 1000000 \
            --fst-window-step 1000000 >> vcftools.log 2>&1
fi
if [ ! -e FST/Walen-Zurich.ind.windowed.weir.fst ]; then
   vcftools --vcf dirty.recode.vcf \
            --out FST/Walen-Zurich.ind \
            --thin 500 \
            --remove-indels \
            --mac 2 \
            --max-alleles 2 \
            --max-missing 1 \
            --max-meanDP 1000 \
            --weir-fst-pop C.zuerichensis.txt \
            --weir-fst-pop C.duplex.txt \
            --fst-window-size 1000000 \
            --fst-window-step 1000000 >> vcftools.log 2>&1
fi

if [ ! -e FST/Suo.ind.windowed.weir.fst ]; then
   vcftools --vcf dirty.recode.vcf \
            --out FST/Suo.ind \
            --thin 500 \
            --remove-indels \
            --mac 2 \
            --max-alleles 2 \
            --max-missing 1 \
            --max-meanDP 1000 \
            --weir-fst-pop ../2022-12-23/SUO_P.txt \
            --weir-fst-pop ../2022-12-23/SUO_L.txt \
            --fst-window-size 1000000 \
            --fst-window-step 1000000 >> vcftools.log 2>&1
fi

if [ ! -e FST/Lan.ind.windowed.weir.fst ]; then
   vcftools --vcf dirty.recode.vcf \
            --out FST/Lan.ind \
            --thin 500 \
            --remove-indels \
            --mac 2 \
            --max-alleles 2 \
            --max-missing 1 \
            --max-meanDP 1000 \
            --weir-fst-pop ../2022-12-23/LAN_P.txt \
            --weir-fst-pop ../2022-12-23/LAN_L.txt \
            --fst-window-size 1000000 \
            --fst-window-step 1000000 >> vcftools.log 2>&1
fi'
output file: README.knit.md


Output created: README.html
