PLINK v1.90b6.14 64-bit (7 Jan 2020)
Options in effect:
  --allow-extra-chr 0
  --make-bed
  --out /gata/mar/cophyhopa/results/2022-05-09/admixture/assem93
  --vcf /gata/mar/cophyhopa/results/2022-05-04/assem2_filter.recode.vcf

Hostname: thermomix
Working directory: /gata/mar/cophyhopa/results/2022-05-09/admixture
Start time: Tue May 24 09:07:04 2022

Random number seed: 1653376024
257898 MB RAM detected; reserving 128949 MB for main workspace.
--vcf: /gata/mar/cophyhopa/results/2022-05-09/admixture/assem93-temporary.bed +
/gata/mar/cophyhopa/results/2022-05-09/admixture/assem93-temporary.bim +
/gata/mar/cophyhopa/results/2022-05-09/admixture/assem93-temporary.fam written.
17452 variants loaded from .bim file.
279 people (0 males, 0 females, 279 ambiguous) loaded from .fam.
Ambiguous sex IDs written to
/gata/mar/cophyhopa/results/2022-05-09/admixture/assem93.nosex .
Using 1 thread (no multithreaded calculations invoked).
Before main variant filters, 279 founders and 0 nonfounders present.
Calculating allele frequencies... done.
Total genotyping rate is 0.988616.
17452 variants and 279 people pass filters and QC.
Note: No phenotypes present.
--make-bed to /gata/mar/cophyhopa/results/2022-05-09/admixture/assem93.bed +
/gata/mar/cophyhopa/results/2022-05-09/admixture/assem93.bim +
/gata/mar/cophyhopa/results/2022-05-09/admixture/assem93.fam ... done.

End time: Tue May 24 09:07:04 2022
