****                   ADMIXTURE Version 1.3.0                  ****
****                    Copyright 2008-2015                     ****
****           David Alexander, Suyash Shringarpure,            ****
****                John  Novembre, Ken Lange                   ****
****                                                            ****
****                 Please cite our paper!                     ****
****   Information at www.genetics.ucla.edu/software/admixture  ****

Cross-validation will be performed.  Folds=5.
Random seed: 43
Point estimation method: Block relaxation algorithm
Convergence acceleration algorithm: QuasiNewton, 3 secant conditions
Point estimation will terminate when objective function delta < 0.0001
Estimation of standard errors disabled; will compute point estimates only.
Size of G: 279x17452
Performing five EM steps to prime main algorithm
1 (EM) 	Elapsed: 1.949	Loglikelihood: -2.84956e+06	(delta): 4.16375e+06
2 (EM) 	Elapsed: 1.939	Loglikelihood: -2.71055e+06	(delta): 139009
3 (EM) 	Elapsed: 1.939	Loglikelihood: -2.6869e+06	(delta): 23644.3
4 (EM) 	Elapsed: 1.939	Loglikelihood: -2.67181e+06	(delta): 15088.4
5 (EM) 	Elapsed: 1.939	Loglikelihood: -2.65776e+06	(delta): 14057.7
Initial loglikelihood: -2.65776e+06
Starting main algorithm
1 (QN/Block) 	Elapsed: 4.297	Loglikelihood: -1.942e+06	(delta): 715759
2 (QN/Block) 	Elapsed: 4.307	Loglikelihood: -1.82094e+06	(delta): 121056
3 (QN/Block) 	Elapsed: 4.51	Loglikelihood: -1.77258e+06	(delta): 48361.6
4 (QN/Block) 	Elapsed: 4.594	Loglikelihood: -1.74237e+06	(delta): 30211.5
5 (QN/Block) 	Elapsed: 4.486	Loglikelihood: -1.72973e+06	(delta): 12643
6 (QN/Block) 	Elapsed: 4.495	Loglikelihood: -1.72327e+06	(delta): 6454.81
7 (QN/Block) 	Elapsed: 4.473	Loglikelihood: -1.72102e+06	(delta): 2255.19
8 (QN/Block) 	Elapsed: 4.47	Loglikelihood: -1.72017e+06	(delta): 846.26
9 (QN/Block) 	Elapsed: 4.475	Loglikelihood: -1.71972e+06	(delta): 445.116
10 (QN/Block) 	Elapsed: 4.47	Loglikelihood: -1.7194e+06	(delta): 325.978
11 (QN/Block) 	Elapsed: 4.47	Loglikelihood: -1.7192e+06	(delta): 195.659
12 (QN/Block) 	Elapsed: 4.469	Loglikelihood: -1.71911e+06	(delta): 96.428
13 (QN/Block) 	Elapsed: 4.468	Loglikelihood: -1.71906e+06	(delta): 45.3359
14 (QN/Block) 	Elapsed: 4.662	Loglikelihood: -1.71905e+06	(delta): 15.4353
15 (QN/Block) 	Elapsed: 4.663	Loglikelihood: -1.71904e+06	(delta): 5.01441
16 (QN/Block) 	Elapsed: 4.664	Loglikelihood: -1.71904e+06	(delta): 1.46033
17 (QN/Block) 	Elapsed: 4.762	Loglikelihood: -1.71904e+06	(delta): 0.48288
18 (QN/Block) 	Elapsed: 4.467	Loglikelihood: -1.71904e+06	(delta): 0.0828649
19 (QN/Block) 	Elapsed: 4.467	Loglikelihood: -1.71904e+06	(delta): 0.0465344
20 (QN/Block) 	Elapsed: 4.469	Loglikelihood: -1.71904e+06	(delta): 0.0134281
21 (QN/Block) 	Elapsed: 4.467	Loglikelihood: -1.71904e+06	(delta): 0.00440189
22 (QN/Block) 	Elapsed: 4.468	Loglikelihood: -1.71904e+06	(delta): 0.0012308
23 (QN/Block) 	Elapsed: 4.481	Loglikelihood: -1.71904e+06	(delta): 8.17636e-05
Summary: 
Converged in 23 iterations (116.308 sec)
Loglikelihood: -1719037.919697
Fst divergences between estimated populations: 
	Pop0	Pop1	Pop2	Pop3	Pop4	Pop5	Pop6	Pop7	Pop8	
Pop0	
Pop1	0.483	
Pop2	0.155	0.466	
Pop3	0.146	0.474	0.118	
Pop4	0.245	0.336	0.228	0.235	
Pop5	0.488	0.149	0.472	0.480	0.341	
Pop6	0.343	0.416	0.323	0.331	0.169	0.420	
Pop7	0.260	0.346	0.250	0.256	0.091	0.351	0.199	
Pop8	0.518	0.201	0.501	0.510	0.368	0.161	0.450	0.380	
Pop9	0.455	0.118	0.439	0.447	0.311	0.126	0.388	0.322	0.167	
CV error (K=10): 0.24175
Writing output files.
