****                   ADMIXTURE Version 1.3.0                  ****
****                    Copyright 2008-2015                     ****
****           David Alexander, Suyash Shringarpure,            ****
****                John  Novembre, Ken Lange                   ****
****                                                            ****
****                 Please cite our paper!                     ****
****   Information at www.genetics.ucla.edu/software/admixture  ****

Cross-validation will be performed.  Folds=5.
Random seed: 43
Point estimation method: Block relaxation algorithm
Convergence acceleration algorithm: QuasiNewton, 3 secant conditions
Point estimation will terminate when objective function delta < 0.0001
Estimation of standard errors disabled; will compute point estimates only.
Size of G: 279x17452
Performing five EM steps to prime main algorithm
1 (EM) 	Elapsed: 2.225	Loglikelihood: -2.84574e+06	(delta): 4.13593e+06
2 (EM) 	Elapsed: 2.225	Loglikelihood: -2.7022e+06	(delta): 143542
3 (EM) 	Elapsed: 2.227	Loglikelihood: -2.67552e+06	(delta): 26678.4
4 (EM) 	Elapsed: 2.249	Loglikelihood: -2.65541e+06	(delta): 20104.2
5 (EM) 	Elapsed: 2.29	Loglikelihood: -2.63331e+06	(delta): 22105.8
Initial loglikelihood: -2.63331e+06
Starting main algorithm
1 (QN/Block) 	Elapsed: 5.122	Loglikelihood: -1.88892e+06	(delta): 744388
2 (QN/Block) 	Elapsed: 5.198	Loglikelihood: -1.77638e+06	(delta): 112542
3 (QN/Block) 	Elapsed: 5.414	Loglikelihood: -1.73534e+06	(delta): 41037.4
4 (QN/Block) 	Elapsed: 5.34	Loglikelihood: -1.71674e+06	(delta): 18597.5
5 (QN/Block) 	Elapsed: 5.501	Loglikelihood: -1.70983e+06	(delta): 6918.67
6 (QN/Block) 	Elapsed: 5.478	Loglikelihood: -1.70637e+06	(delta): 3459.54
7 (QN/Block) 	Elapsed: 5.58	Loglikelihood: -1.70423e+06	(delta): 2138.57
8 (QN/Block) 	Elapsed: 5.317	Loglikelihood: -1.70317e+06	(delta): 1061.7
9 (QN/Block) 	Elapsed: 5.583	Loglikelihood: -1.70243e+06	(delta): 736.541
10 (QN/Block) 	Elapsed: 5.432	Loglikelihood: -1.70115e+06	(delta): 1278.4
11 (QN/Block) 	Elapsed: 5.51	Loglikelihood: -1.70062e+06	(delta): 533.335
12 (QN/Block) 	Elapsed: 5.283	Loglikelihood: -1.70047e+06	(delta): 151.366
13 (QN/Block) 	Elapsed: 5.232	Loglikelihood: -1.70037e+06	(delta): 95.5874
14 (QN/Block) 	Elapsed: 5.257	Loglikelihood: -1.70026e+06	(delta): 106.626
15 (QN/Block) 	Elapsed: 5.298	Loglikelihood: -1.70019e+06	(delta): 75.9306
16 (QN/Block) 	Elapsed: 5.329	Loglikelihood: -1.70013e+06	(delta): 55.862
17 (QN/Block) 	Elapsed: 5.316	Loglikelihood: -1.70009e+06	(delta): 40.6152
18 (QN/Block) 	Elapsed: 5.295	Loglikelihood: -1.70007e+06	(delta): 25.6343
19 (QN/Block) 	Elapsed: 5.274	Loglikelihood: -1.70004e+06	(delta): 30.2154
20 (QN/Block) 	Elapsed: 5.399	Loglikelihood: -1.70002e+06	(delta): 12.9458
21 (QN/Block) 	Elapsed: 5.294	Loglikelihood: -1.70002e+06	(delta): 6.79011
22 (QN/Block) 	Elapsed: 5.36	Loglikelihood: -1.70001e+06	(delta): 3.09389
23 (QN/Block) 	Elapsed: 5.33	Loglikelihood: -1.70001e+06	(delta): 0.745805
24 (QN/Block) 	Elapsed: 5.25	Loglikelihood: -1.70001e+06	(delta): 0.231876
25 (QN/Block) 	Elapsed: 5.295	Loglikelihood: -1.70001e+06	(delta): 0.0811003
26 (QN/Block) 	Elapsed: 5.381	Loglikelihood: -1.70001e+06	(delta): 0.00991599
27 (QN/Block) 	Elapsed: 5.306	Loglikelihood: -1.70001e+06	(delta): 0.00559745
28 (QN/Block) 	Elapsed: 5.265	Loglikelihood: -1.70001e+06	(delta): 0.00277846
29 (QN/Block) 	Elapsed: 5.266	Loglikelihood: -1.70001e+06	(delta): 0.000908001
30 (QN/Block) 	Elapsed: 5.322	Loglikelihood: -1.70001e+06	(delta): 1.51002e-05
Summary: 
Converged in 30 iterations (175.442 sec)
Loglikelihood: -1700011.369869
Fst divergences between estimated populations: 
	Pop0	Pop1	Pop2	Pop3	Pop4	Pop5	Pop6	Pop7	Pop8	Pop9	
Pop0	
Pop1	0.205	
Pop2	0.476	0.510	
Pop3	0.168	0.183	0.494	
Pop4	0.118	0.165	0.445	0.146	
Pop5	0.130	0.213	0.484	0.206	0.118	
Pop6	0.484	0.518	0.146	0.503	0.452	0.492	
Pop7	0.467	0.501	0.118	0.486	0.437	0.476	0.155	
Pop8	0.335	0.365	0.232	0.352	0.305	0.341	0.243	0.226	
Pop9	0.347	0.380	0.255	0.364	0.320	0.355	0.259	0.250	0.092	
Pop10	0.170	0.182	0.491	0.112	0.125	0.190	0.499	0.482	0.348	0.361	
CV error (K=11): 0.23860
Writing output files.
