****                   ADMIXTURE Version 1.3.0                  ****
****                    Copyright 2008-2015                     ****
****           David Alexander, Suyash Shringarpure,            ****
****                John  Novembre, Ken Lange                   ****
****                                                            ****
****                 Please cite our paper!                     ****
****   Information at www.genetics.ucla.edu/software/admixture  ****

Cross-validation will be performed.  Folds=5.
Random seed: 43
Point estimation method: Block relaxation algorithm
Convergence acceleration algorithm: QuasiNewton, 3 secant conditions
Point estimation will terminate when objective function delta < 0.0001
Estimation of standard errors disabled; will compute point estimates only.
Size of G: 279x17452
Performing five EM steps to prime main algorithm
1 (EM) 	Elapsed: 0.281	Loglikelihood: -2.79567e+06	(delta): 5.50856e+06
2 (EM) 	Elapsed: 0.273	Loglikelihood: -2.70243e+06	(delta): 93237.7
3 (EM) 	Elapsed: 0.273	Loglikelihood: -2.68071e+06	(delta): 21718.7
4 (EM) 	Elapsed: 0.273	Loglikelihood: -2.67113e+06	(delta): 9587.98
5 (EM) 	Elapsed: 0.273	Loglikelihood: -2.66666e+06	(delta): 4465.22
Initial loglikelihood: -2.66666e+06
Starting main algorithm
1 (QN/Block) 	Elapsed: 0.732	Loglikelihood: -2.58372e+06	(delta): 82937.2
2 (QN/Block) 	Elapsed: 0.727	Loglikelihood: -2.37096e+06	(delta): 212766
3 (QN/Block) 	Elapsed: 0.823	Loglikelihood: -2.29512e+06	(delta): 75835.5
4 (QN/Block) 	Elapsed: 0.82	Loglikelihood: -2.17757e+06	(delta): 117552
5 (QN/Block) 	Elapsed: 0.958	Loglikelihood: -2.06187e+06	(delta): 115698
6 (QN/Block) 	Elapsed: 0.821	Loglikelihood: -2.04517e+06	(delta): 16704.4
7 (QN/Block) 	Elapsed: 0.82	Loglikelihood: -2.0438e+06	(delta): 1372.14
8 (QN/Block) 	Elapsed: 0.82	Loglikelihood: -2.04346e+06	(delta): 335.518
9 (QN/Block) 	Elapsed: 0.82	Loglikelihood: -2.04335e+06	(delta): 105.796
10 (QN/Block) 	Elapsed: 0.82	Loglikelihood: -2.04333e+06	(delta): 28.5358
11 (QN/Block) 	Elapsed: 0.821	Loglikelihood: -2.04332e+06	(delta): 2.6002
12 (QN/Block) 	Elapsed: 0.82	Loglikelihood: -2.04332e+06	(delta): 0.468368
13 (QN/Block) 	Elapsed: 0.958	Loglikelihood: -2.04332e+06	(delta): 0.0187728
14 (QN/Block) 	Elapsed: 0.866	Loglikelihood: -2.04332e+06	(delta): 0.00173634
15 (QN/Block) 	Elapsed: 0.82	Loglikelihood: -2.04332e+06	(delta): 0.00173196
16 (QN/Block) 	Elapsed: 0.82	Loglikelihood: -2.04332e+06	(delta): 2.92265e-05
Summary: 
Converged in 16 iterations (15.754 sec)
Loglikelihood: -2043322.775323
Fst divergences between estimated populations: 
	Pop0	
Pop0	
Pop1	0.348	
CV error (K=2): 0.27703
Writing output files.
