****                   ADMIXTURE Version 1.3.0                  ****
****                    Copyright 2008-2015                     ****
****           David Alexander, Suyash Shringarpure,            ****
****                John  Novembre, Ken Lange                   ****
****                                                            ****
****                 Please cite our paper!                     ****
****   Information at www.genetics.ucla.edu/software/admixture  ****

Cross-validation will be performed.  Folds=5.
Random seed: 43
Point estimation method: Block relaxation algorithm
Convergence acceleration algorithm: QuasiNewton, 3 secant conditions
Point estimation will terminate when objective function delta < 0.0001
Estimation of standard errors disabled; will compute point estimates only.
Size of G: 279x17452
Performing five EM steps to prime main algorithm
1 (EM) 	Elapsed: 0.434	Loglikelihood: -2.83265e+06	(delta): 4.92847e+06
2 (EM) 	Elapsed: 0.421	Loglikelihood: -2.71197e+06	(delta): 120679
3 (EM) 	Elapsed: 0.421	Loglikelihood: -2.67965e+06	(delta): 32325.2
4 (EM) 	Elapsed: 0.421	Loglikelihood: -2.65813e+06	(delta): 21512.7
5 (EM) 	Elapsed: 0.421	Loglikelihood: -2.64e+06	(delta): 18129.9
Initial loglikelihood: -2.64e+06
Starting main algorithm
1 (QN/Block) 	Elapsed: 1.044	Loglikelihood: -2.10869e+06	(delta): 531315
2 (QN/Block) 	Elapsed: 1.042	Loglikelihood: -2.00757e+06	(delta): 101122
3 (QN/Block) 	Elapsed: 1.149	Loglikelihood: -1.96174e+06	(delta): 45827.6
4 (QN/Block) 	Elapsed: 1.206	Loglikelihood: -1.93025e+06	(delta): 31485.3
5 (QN/Block) 	Elapsed: 1.15	Loglikelihood: -1.91594e+06	(delta): 14313.1
6 (QN/Block) 	Elapsed: 1.201	Loglikelihood: -1.91165e+06	(delta): 4292.19
7 (QN/Block) 	Elapsed: 1.153	Loglikelihood: -1.91097e+06	(delta): 680.842
8 (QN/Block) 	Elapsed: 1.154	Loglikelihood: -1.91061e+06	(delta): 361.227
9 (QN/Block) 	Elapsed: 1.155	Loglikelihood: -1.91049e+06	(delta): 115.099
10 (QN/Block) 	Elapsed: 1.153	Loglikelihood: -1.91047e+06	(delta): 22.7949
11 (QN/Block) 	Elapsed: 1.207	Loglikelihood: -1.91047e+06	(delta): 2.68275
12 (QN/Block) 	Elapsed: 1.15	Loglikelihood: -1.91047e+06	(delta): 0.0262464
13 (QN/Block) 	Elapsed: 1.154	Loglikelihood: -1.91047e+06	(delta): 0.000845927
14 (QN/Block) 	Elapsed: 1.154	Loglikelihood: -1.91047e+06	(delta): 4.46297e-05
Summary: 
Converged in 14 iterations (19.351 sec)
Loglikelihood: -1910466.735793
Fst divergences between estimated populations: 
	Pop0	Pop1	
Pop0	
Pop1	0.420	
Pop2	0.197	0.296	
CV error (K=3): 0.25248
Writing output files.
