****                   ADMIXTURE Version 1.3.0                  ****
****                    Copyright 2008-2015                     ****
****           David Alexander, Suyash Shringarpure,            ****
****                John  Novembre, Ken Lange                   ****
****                                                            ****
****                 Please cite our paper!                     ****
****   Information at www.genetics.ucla.edu/software/admixture  ****

Cross-validation will be performed.  Folds=5.
Random seed: 43
Point estimation method: Block relaxation algorithm
Convergence acceleration algorithm: QuasiNewton, 3 secant conditions
Point estimation will terminate when objective function delta < 0.0001
Estimation of standard errors disabled; will compute point estimates only.
Size of G: 279x17452
Performing five EM steps to prime main algorithm
1 (EM) 	Elapsed: 0.593	Loglikelihood: -2.85245e+06	(delta): 4.62226e+06
2 (EM) 	Elapsed: 0.595	Loglikelihood: -2.72436e+06	(delta): 128092
3 (EM) 	Elapsed: 0.593	Loglikelihood: -2.69489e+06	(delta): 29465.9
4 (EM) 	Elapsed: 0.594	Loglikelihood: -2.6766e+06	(delta): 18293.7
5 (EM) 	Elapsed: 0.593	Loglikelihood: -2.66193e+06	(delta): 14673.9
Initial loglikelihood: -2.66193e+06
Starting main algorithm
1 (QN/Block) 	Elapsed: 1.359	Loglikelihood: -2.09148e+06	(delta): 570446
2 (QN/Block) 	Elapsed: 1.342	Loglikelihood: -1.96737e+06	(delta): 124110
3 (QN/Block) 	Elapsed: 1.465	Loglikelihood: -1.90748e+06	(delta): 59890.5
4 (QN/Block) 	Elapsed: 1.466	Loglikelihood: -1.86293e+06	(delta): 44551.3
5 (QN/Block) 	Elapsed: 1.652	Loglikelihood: -1.85e+06	(delta): 12933.1
6 (QN/Block) 	Elapsed: 1.678	Loglikelihood: -1.84687e+06	(delta): 3123.19
7 (QN/Block) 	Elapsed: 1.743	Loglikelihood: -1.84581e+06	(delta): 1062.2
8 (QN/Block) 	Elapsed: 1.704	Loglikelihood: -1.84535e+06	(delta): 462.606
9 (QN/Block) 	Elapsed: 1.474	Loglikelihood: -1.84529e+06	(delta): 59.0169
10 (QN/Block) 	Elapsed: 1.466	Loglikelihood: -1.84527e+06	(delta): 22.1588
11 (QN/Block) 	Elapsed: 1.637	Loglikelihood: -1.84527e+06	(delta): 1.74689
12 (QN/Block) 	Elapsed: 1.472	Loglikelihood: -1.84526e+06	(delta): 0.022431
13 (QN/Block) 	Elapsed: 1.467	Loglikelihood: -1.84526e+06	(delta): 0.000716619
14 (QN/Block) 	Elapsed: 1.46	Loglikelihood: -1.84526e+06	(delta): 9.45849e-05
Summary: 
Converged in 14 iterations (25.667 sec)
Loglikelihood: -1845264.996670
Fst divergences between estimated populations: 
	Pop0	Pop1	Pop2	
Pop0	
Pop1	0.197	
Pop2	0.302	0.427	
Pop3	0.315	0.442	0.110	
CV error (K=4): 0.24257
Writing output files.
