****                   ADMIXTURE Version 1.3.0                  ****
****                    Copyright 2008-2015                     ****
****           David Alexander, Suyash Shringarpure,            ****
****                John  Novembre, Ken Lange                   ****
****                                                            ****
****                 Please cite our paper!                     ****
****   Information at www.genetics.ucla.edu/software/admixture  ****

Cross-validation will be performed.  Folds=5.
Random seed: 43
Point estimation method: Block relaxation algorithm
Convergence acceleration algorithm: QuasiNewton, 3 secant conditions
Point estimation will terminate when objective function delta < 0.0001
Estimation of standard errors disabled; will compute point estimates only.
Size of G: 279x17452
Performing five EM steps to prime main algorithm
1 (EM) 	Elapsed: 0.774	Loglikelihood: -2.85299e+06	(delta): 4.48132e+06
2 (EM) 	Elapsed: 0.774	Loglikelihood: -2.71721e+06	(delta): 135780
3 (EM) 	Elapsed: 0.774	Loglikelihood: -2.68427e+06	(delta): 32938.4
4 (EM) 	Elapsed: 0.774	Loglikelihood: -2.65911e+06	(delta): 25152.8
5 (EM) 	Elapsed: 0.774	Loglikelihood: -2.63327e+06	(delta): 25839.5
Initial loglikelihood: -2.63327e+06
Starting main algorithm
1 (QN/Block) 	Elapsed: 1.722	Loglikelihood: -2.00691e+06	(delta): 626361
2 (QN/Block) 	Elapsed: 1.72	Loglikelihood: -1.90213e+06	(delta): 104788
3 (QN/Block) 	Elapsed: 1.838	Loglikelihood: -1.85959e+06	(delta): 42533.8
4 (QN/Block) 	Elapsed: 1.835	Loglikelihood: -1.83675e+06	(delta): 22840.5
5 (QN/Block) 	Elapsed: 1.835	Loglikelihood: -1.82762e+06	(delta): 9135.68
6 (QN/Block) 	Elapsed: 1.834	Loglikelihood: -1.8261e+06	(delta): 1518.97
7 (QN/Block) 	Elapsed: 1.834	Loglikelihood: -1.82574e+06	(delta): 354.319
8 (QN/Block) 	Elapsed: 1.834	Loglikelihood: -1.8256e+06	(delta): 144.234
9 (QN/Block) 	Elapsed: 1.834	Loglikelihood: -1.82556e+06	(delta): 33.6613
10 (QN/Block) 	Elapsed: 2.028	Loglikelihood: -1.82556e+06	(delta): 3.55755
11 (QN/Block) 	Elapsed: 2.028	Loglikelihood: -1.82556e+06	(delta): 0.475895
12 (QN/Block) 	Elapsed: 1.964	Loglikelihood: -1.82556e+06	(delta): 0.0320979
13 (QN/Block) 	Elapsed: 1.834	Loglikelihood: -1.82556e+06	(delta): 0.00215712
14 (QN/Block) 	Elapsed: 1.835	Loglikelihood: -1.82556e+06	(delta): 0.00121279
15 (QN/Block) 	Elapsed: 1.835	Loglikelihood: -1.82556e+06	(delta): 0.000194331
16 (QN/Block) 	Elapsed: 1.835	Loglikelihood: -1.82556e+06	(delta): 7.08597e-06
Summary: 
Converged in 16 iterations (35.072 sec)
Loglikelihood: -1825559.755354
Fst divergences between estimated populations: 
	Pop0	Pop1	Pop2	Pop3	
Pop0	
Pop1	0.452	
Pop2	0.147	0.441	
Pop3	0.467	0.110	0.456	
Pop4	0.225	0.302	0.215	0.315	
CV error (K=5): 0.24109
Writing output files.
