****                   ADMIXTURE Version 1.3.0                  ****
****                    Copyright 2008-2015                     ****
****           David Alexander, Suyash Shringarpure,            ****
****                John  Novembre, Ken Lange                   ****
****                                                            ****
****                 Please cite our paper!                     ****
****   Information at www.genetics.ucla.edu/software/admixture  ****

Cross-validation will be performed.  Folds=5.
Random seed: 43
Point estimation method: Block relaxation algorithm
Convergence acceleration algorithm: QuasiNewton, 3 secant conditions
Point estimation will terminate when objective function delta < 0.0001
Estimation of standard errors disabled; will compute point estimates only.
Size of G: 279x17452
Performing five EM steps to prime main algorithm
1 (EM) 	Elapsed: 0.977	Loglikelihood: -2.8547e+06	(delta): 4.35928e+06
2 (EM) 	Elapsed: 0.976	Loglikelihood: -2.71931e+06	(delta): 135399
3 (EM) 	Elapsed: 0.976	Loglikelihood: -2.69104e+06	(delta): 28266.3
4 (EM) 	Elapsed: 0.976	Loglikelihood: -2.67162e+06	(delta): 19417.3
5 (EM) 	Elapsed: 0.976	Loglikelihood: -2.65273e+06	(delta): 18888.5
Initial loglikelihood: -2.65273e+06
Starting main algorithm
1 (QN/Block) 	Elapsed: 2.145	Loglikelihood: -1.98659e+06	(delta): 666146
2 (QN/Block) 	Elapsed: 2.133	Loglikelihood: -1.88249e+06	(delta): 104100
3 (QN/Block) 	Elapsed: 2.268	Loglikelihood: -1.84178e+06	(delta): 40707.6
4 (QN/Block) 	Elapsed: 2.265	Loglikelihood: -1.81143e+06	(delta): 30352.7
5 (QN/Block) 	Elapsed: 2.263	Loglikelihood: -1.80336e+06	(delta): 8065.83
6 (QN/Block) 	Elapsed: 2.263	Loglikelihood: -1.80082e+06	(delta): 2538.66
7 (QN/Block) 	Elapsed: 2.337	Loglikelihood: -1.79988e+06	(delta): 944.988
8 (QN/Block) 	Elapsed: 2.282	Loglikelihood: -1.79941e+06	(delta): 464.566
9 (QN/Block) 	Elapsed: 2.926	Loglikelihood: -1.79922e+06	(delta): 189.672
10 (QN/Block) 	Elapsed: 3.05	Loglikelihood: -1.79918e+06	(delta): 46.4904
11 (QN/Block) 	Elapsed: 2.258	Loglikelihood: -1.79915e+06	(delta): 26.4511
12 (QN/Block) 	Elapsed: 2.258	Loglikelihood: -1.79914e+06	(delta): 10.6605
13 (QN/Block) 	Elapsed: 2.491	Loglikelihood: -1.79911e+06	(delta): 33.5775
14 (QN/Block) 	Elapsed: 2.401	Loglikelihood: -1.79906e+06	(delta): 41.3587
15 (QN/Block) 	Elapsed: 3.118	Loglikelihood: -1.79903e+06	(delta): 36.0555
16 (QN/Block) 	Elapsed: 2.939	Loglikelihood: -1.79896e+06	(delta): 64.2999
17 (QN/Block) 	Elapsed: 2.26	Loglikelihood: -1.79892e+06	(delta): 43.9731
18 (QN/Block) 	Elapsed: 2.258	Loglikelihood: -1.7989e+06	(delta): 23.812
19 (QN/Block) 	Elapsed: 2.258	Loglikelihood: -1.79889e+06	(delta): 8.65761
20 (QN/Block) 	Elapsed: 2.259	Loglikelihood: -1.79888e+06	(delta): 4.61052
21 (QN/Block) 	Elapsed: 2.257	Loglikelihood: -1.79888e+06	(delta): 1.6259
22 (QN/Block) 	Elapsed: 2.259	Loglikelihood: -1.79888e+06	(delta): 1.12093
23 (QN/Block) 	Elapsed: 2.258	Loglikelihood: -1.79888e+06	(delta): 0.364927
24 (QN/Block) 	Elapsed: 2.258	Loglikelihood: -1.79888e+06	(delta): 0.240028
25 (QN/Block) 	Elapsed: 2.259	Loglikelihood: -1.79888e+06	(delta): 0.0743282
26 (QN/Block) 	Elapsed: 2.257	Loglikelihood: -1.79888e+06	(delta): 0.0534594
27 (QN/Block) 	Elapsed: 2.258	Loglikelihood: -1.79888e+06	(delta): 0.00588815
28 (QN/Block) 	Elapsed: 2.26	Loglikelihood: -1.79888e+06	(delta): 0.00653548
29 (QN/Block) 	Elapsed: 2.258	Loglikelihood: -1.79888e+06	(delta): 0.00177168
30 (QN/Block) 	Elapsed: 2.258	Loglikelihood: -1.79888e+06	(delta): 0.000398207
31 (QN/Block) 	Elapsed: 2.259	Loglikelihood: -1.79888e+06	(delta): 3.16463e-05
Summary: 
Converged in 31 iterations (81.097 sec)
Loglikelihood: -1798879.635411
Fst divergences between estimated populations: 
	Pop0	Pop1	Pop2	Pop3	Pop4	
Pop0	
Pop1	0.389	
Pop2	0.122	0.407	
Pop3	0.427	0.302	0.444	
Pop4	0.305	0.161	0.321	0.200	
Pop5	0.103	0.410	0.133	0.448	0.324	
CV error (K=6): 0.24198
Writing output files.
