****                   ADMIXTURE Version 1.3.0                  ****
****                    Copyright 2008-2015                     ****
****           David Alexander, Suyash Shringarpure,            ****
****                John  Novembre, Ken Lange                   ****
****                                                            ****
****                 Please cite our paper!                     ****
****   Information at www.genetics.ucla.edu/software/admixture  ****

Cross-validation will be performed.  Folds=5.
Random seed: 43
Point estimation method: Block relaxation algorithm
Convergence acceleration algorithm: QuasiNewton, 3 secant conditions
Point estimation will terminate when objective function delta < 0.0001
Estimation of standard errors disabled; will compute point estimates only.
Size of G: 279x17452
Performing five EM steps to prime main algorithm
1 (EM) 	Elapsed: 1.202	Loglikelihood: -2.85264e+06	(delta): 4.28819e+06
2 (EM) 	Elapsed: 1.204	Loglikelihood: -2.7164e+06	(delta): 136236
3 (EM) 	Elapsed: 1.215	Loglikelihood: -2.68989e+06	(delta): 26515.1
4 (EM) 	Elapsed: 1.213	Loglikelihood: -2.67211e+06	(delta): 17775.9
5 (EM) 	Elapsed: 1.197	Loglikelihood: -2.6556e+06	(delta): 16505.3
Initial loglikelihood: -2.6556e+06
Starting main algorithm
1 (QN/Block) 	Elapsed: 2.621	Loglikelihood: -1.96358e+06	(delta): 692024
2 (QN/Block) 	Elapsed: 2.616	Loglikelihood: -1.85957e+06	(delta): 104009
3 (QN/Block) 	Elapsed: 2.769	Loglikelihood: -1.81711e+06	(delta): 42465.6
4 (QN/Block) 	Elapsed: 2.791	Loglikelihood: -1.78854e+06	(delta): 28563.5
5 (QN/Block) 	Elapsed: 2.769	Loglikelihood: -1.77416e+06	(delta): 14379.1
6 (QN/Block) 	Elapsed: 2.848	Loglikelihood: -1.7673e+06	(delta): 6862.69
7 (QN/Block) 	Elapsed: 2.771	Loglikelihood: -1.76422e+06	(delta): 3076.75
8 (QN/Block) 	Elapsed: 2.928	Loglikelihood: -1.76259e+06	(delta): 1633.87
9 (QN/Block) 	Elapsed: 2.757	Loglikelihood: -1.76189e+06	(delta): 699.867
10 (QN/Block) 	Elapsed: 2.837	Loglikelihood: -1.76152e+06	(delta): 368.815
11 (QN/Block) 	Elapsed: 2.844	Loglikelihood: -1.76135e+06	(delta): 171.686
12 (QN/Block) 	Elapsed: 2.832	Loglikelihood: -1.76124e+06	(delta): 112.97
13 (QN/Block) 	Elapsed: 2.834	Loglikelihood: -1.7612e+06	(delta): 38.482
14 (QN/Block) 	Elapsed: 2.758	Loglikelihood: -1.76118e+06	(delta): 19.0667
15 (QN/Block) 	Elapsed: 2.756	Loglikelihood: -1.76117e+06	(delta): 6.07025
16 (QN/Block) 	Elapsed: 2.761	Loglikelihood: -1.76117e+06	(delta): 4.03771
17 (QN/Block) 	Elapsed: 2.767	Loglikelihood: -1.76117e+06	(delta): 0.611078
18 (QN/Block) 	Elapsed: 2.76	Loglikelihood: -1.76117e+06	(delta): 0.17114
19 (QN/Block) 	Elapsed: 2.74	Loglikelihood: -1.76117e+06	(delta): 0.0486147
20 (QN/Block) 	Elapsed: 2.778	Loglikelihood: -1.76117e+06	(delta): 0.0172893
21 (QN/Block) 	Elapsed: 2.758	Loglikelihood: -1.76117e+06	(delta): 0.000994812
22 (QN/Block) 	Elapsed: 2.756	Loglikelihood: -1.76117e+06	(delta): 5.33059e-05
Summary: 
Converged in 22 iterations (69.449 sec)
Loglikelihood: -1761167.700348
Fst divergences between estimated populations: 
	Pop0	Pop1	Pop2	Pop3	Pop4	Pop5	
Pop0	
Pop1	0.196	
Pop2	0.116	0.164	
Pop3	0.460	0.499	0.438	
Pop4	0.319	0.355	0.299	0.215	
Pop5	0.147	0.162	0.119	0.471	0.329	
Pop6	0.471	0.510	0.449	0.147	0.225	0.482	
CV error (K=7): 0.23432
Writing output files.
