****                   ADMIXTURE Version 1.3.0                  ****
****                    Copyright 2008-2015                     ****
****           David Alexander, Suyash Shringarpure,            ****
****                John  Novembre, Ken Lange                   ****
****                                                            ****
****                 Please cite our paper!                     ****
****   Information at www.genetics.ucla.edu/software/admixture  ****

Cross-validation will be performed.  Folds=5.
Random seed: 43
Point estimation method: Block relaxation algorithm
Convergence acceleration algorithm: QuasiNewton, 3 secant conditions
Point estimation will terminate when objective function delta < 0.0001
Estimation of standard errors disabled; will compute point estimates only.
Size of G: 279x17452
Performing five EM steps to prime main algorithm
1 (EM) 	Elapsed: 1.431	Loglikelihood: -2.85217e+06	(delta): 4.23612e+06
2 (EM) 	Elapsed: 1.43	Loglikelihood: -2.71582e+06	(delta): 136357
3 (EM) 	Elapsed: 1.43	Loglikelihood: -2.69153e+06	(delta): 24286.3
4 (EM) 	Elapsed: 1.43	Loglikelihood: -2.67594e+06	(delta): 15590.6
5 (EM) 	Elapsed: 1.43	Loglikelihood: -2.66188e+06	(delta): 14054.4
Initial loglikelihood: -2.66188e+06
Starting main algorithm
1 (QN/Block) 	Elapsed: 3.109	Loglikelihood: -1.97338e+06	(delta): 688504
2 (QN/Block) 	Elapsed: 3.107	Loglikelihood: -1.84964e+06	(delta): 123738
3 (QN/Block) 	Elapsed: 3.277	Loglikelihood: -1.80065e+06	(delta): 48988.1
4 (QN/Block) 	Elapsed: 3.268	Loglikelihood: -1.77087e+06	(delta): 29784.8
5 (QN/Block) 	Elapsed: 3.26	Loglikelihood: -1.76193e+06	(delta): 8937.66
6 (QN/Block) 	Elapsed: 3.344	Loglikelihood: -1.75507e+06	(delta): 6858.17
7 (QN/Block) 	Elapsed: 3.445	Loglikelihood: -1.74878e+06	(delta): 6289.01
8 (QN/Block) 	Elapsed: 3.445	Loglikelihood: -1.74606e+06	(delta): 2727.87
9 (QN/Block) 	Elapsed: 3.294	Loglikelihood: -1.7444e+06	(delta): 1658.9
10 (QN/Block) 	Elapsed: 3.277	Loglikelihood: -1.74382e+06	(delta): 576.883
11 (QN/Block) 	Elapsed: 3.276	Loglikelihood: -1.7434e+06	(delta): 423.164
12 (QN/Block) 	Elapsed: 3.347	Loglikelihood: -1.743e+06	(delta): 398.313
13 (QN/Block) 	Elapsed: 3.373	Loglikelihood: -1.74284e+06	(delta): 156.786
14 (QN/Block) 	Elapsed: 3.449	Loglikelihood: -1.74276e+06	(delta): 87.3708
15 (QN/Block) 	Elapsed: 3.296	Loglikelihood: -1.74274e+06	(delta): 10.6769
16 (QN/Block) 	Elapsed: 3.259	Loglikelihood: -1.74274e+06	(delta): 6.14464
17 (QN/Block) 	Elapsed: 3.256	Loglikelihood: -1.74273e+06	(delta): 5.02563
18 (QN/Block) 	Elapsed: 3.252	Loglikelihood: -1.74273e+06	(delta): 3.69781
19 (QN/Block) 	Elapsed: 3.43	Loglikelihood: -1.74273e+06	(delta): 2.56834
20 (QN/Block) 	Elapsed: 3.377	Loglikelihood: -1.74272e+06	(delta): 3.68696
21 (QN/Block) 	Elapsed: 3.461	Loglikelihood: -1.74272e+06	(delta): 1.65834
22 (QN/Block) 	Elapsed: 3.545	Loglikelihood: -1.74272e+06	(delta): 0.239475
23 (QN/Block) 	Elapsed: 3.268	Loglikelihood: -1.74272e+06	(delta): 0.189344
24 (QN/Block) 	Elapsed: 3.266	Loglikelihood: -1.74272e+06	(delta): 0.0166826
25 (QN/Block) 	Elapsed: 3.266	Loglikelihood: -1.74272e+06	(delta): 0.000716308
26 (QN/Block) 	Elapsed: 3.282	Loglikelihood: -1.74272e+06	(delta): 7.46383e-05
Summary: 
Converged in 26 iterations (96.275 sec)
Loglikelihood: -1742721.150039
Fst divergences between estimated populations: 
	Pop0	Pop1	Pop2	Pop3	Pop4	Pop5	Pop6	
Pop0	
Pop1	0.358	
Pop2	0.203	0.327	
Pop3	0.176	0.302	0.111	
Pop4	0.182	0.344	0.168	0.171	
Pop5	0.485	0.200	0.451	0.425	0.470	
Pop6	0.176	0.336	0.164	0.147	0.112	0.461	
Pop7	0.447	0.161	0.414	0.387	0.432	0.302	0.423	
CV error (K=8): 0.23630
Writing output files.
