****                   ADMIXTURE Version 1.3.0                  ****
****                    Copyright 2008-2015                     ****
****           David Alexander, Suyash Shringarpure,            ****
****                John  Novembre, Ken Lange                   ****
****                                                            ****
****                 Please cite our paper!                     ****
****   Information at www.genetics.ucla.edu/software/admixture  ****

Cross-validation will be performed.  Folds=5.
Random seed: 43
Point estimation method: Block relaxation algorithm
Convergence acceleration algorithm: QuasiNewton, 3 secant conditions
Point estimation will terminate when objective function delta < 0.0001
Estimation of standard errors disabled; will compute point estimates only.
Size of G: 279x17452
Performing five EM steps to prime main algorithm
1 (EM) 	Elapsed: 1.709	Loglikelihood: -2.84917e+06	(delta): 4.19125e+06
2 (EM) 	Elapsed: 1.713	Loglikelihood: -2.71001e+06	(delta): 139155
3 (EM) 	Elapsed: 1.7	Loglikelihood: -2.68456e+06	(delta): 25452.7
4 (EM) 	Elapsed: 1.7	Loglikelihood: -2.66677e+06	(delta): 17789.9
5 (EM) 	Elapsed: 1.701	Loglikelihood: -2.64874e+06	(delta): 18033.9
Initial loglikelihood: -2.64874e+06
Starting main algorithm
1 (QN/Block) 	Elapsed: 3.735	Loglikelihood: -1.92756e+06	(delta): 721176
2 (QN/Block) 	Elapsed: 3.741	Loglikelihood: -1.82456e+06	(delta): 103003
3 (QN/Block) 	Elapsed: 3.929	Loglikelihood: -1.77268e+06	(delta): 51872.4
4 (QN/Block) 	Elapsed: 3.917	Loglikelihood: -1.74095e+06	(delta): 31734.2
5 (QN/Block) 	Elapsed: 4.118	Loglikelihood: -1.73024e+06	(delta): 10711.6
6 (QN/Block) 	Elapsed: 3.933	Loglikelihood: -1.72674e+06	(delta): 3495.24
7 (QN/Block) 	Elapsed: 3.932	Loglikelihood: -1.72589e+06	(delta): 855.584
8 (QN/Block) 	Elapsed: 3.906	Loglikelihood: -1.72538e+06	(delta): 509.233
9 (QN/Block) 	Elapsed: 3.907	Loglikelihood: -1.72496e+06	(delta): 419.313
10 (QN/Block) 	Elapsed: 3.994	Loglikelihood: -1.72465e+06	(delta): 307.236
11 (QN/Block) 	Elapsed: 3.99	Loglikelihood: -1.72451e+06	(delta): 139.664
12 (QN/Block) 	Elapsed: 3.992	Loglikelihood: -1.72448e+06	(delta): 34.1076
13 (QN/Block) 	Elapsed: 3.886	Loglikelihood: -1.72447e+06	(delta): 6.55154
14 (QN/Block) 	Elapsed: 3.888	Loglikelihood: -1.72447e+06	(delta): 2.1569
15 (QN/Block) 	Elapsed: 3.904	Loglikelihood: -1.72447e+06	(delta): 1.24146
16 (QN/Block) 	Elapsed: 3.899	Loglikelihood: -1.72447e+06	(delta): 0.69586
17 (QN/Block) 	Elapsed: 3.899	Loglikelihood: -1.72447e+06	(delta): 0.329685
18 (QN/Block) 	Elapsed: 3.933	Loglikelihood: -1.72447e+06	(delta): 0.0965745
19 (QN/Block) 	Elapsed: 3.888	Loglikelihood: -1.72447e+06	(delta): 0.0294668
20 (QN/Block) 	Elapsed: 3.89	Loglikelihood: -1.72447e+06	(delta): 0.00617453
21 (QN/Block) 	Elapsed: 3.905	Loglikelihood: -1.72447e+06	(delta): 0.00732944
22 (QN/Block) 	Elapsed: 3.899	Loglikelihood: -1.72447e+06	(delta): 0.000296407
23 (QN/Block) 	Elapsed: 3.901	Loglikelihood: -1.72447e+06	(delta): 5.11054e-05
Summary: 
Converged in 23 iterations (101.35 sec)
Loglikelihood: -1724467.553264
Fst divergences between estimated populations: 
	Pop0	Pop1	Pop2	Pop3	Pop4	Pop5	Pop6	Pop7	
Pop0	
Pop1	0.471	
Pop2	0.441	0.115	
Pop3	0.320	0.421	0.391	
Pop4	0.465	0.152	0.130	0.416	
Pop5	0.499	0.163	0.167	0.449	0.204	
Pop6	0.147	0.482	0.452	0.334	0.477	0.510	
Pop7	0.218	0.333	0.305	0.163	0.327	0.358	0.228	
Pop8	0.472	0.183	0.136	0.422	0.129	0.213	0.484	0.333	
CV error (K=9): 0.23548
Writing output files.
