

processing file: README.Rmd
running: bash  -c "VCF='/gata/mar/cophyhopa/results/2022-05-04/assem2_indv2.recode.vcf'
if [ ! -e thun.recode.vcf ]; then
   vcftools --vcf \$VCF \\
            --out dirty \\
            --keep ~/cophyhopa/data/Thun.txt \\
            --recode \\
            --recode-INFO-all
   vcftools --vcf dirty.recode.vcf \\
            --out thun \\
            --thin 500 \\
            --remove-indels \\
            --mac 2 \\
            --max-alleles 2 \\
            --max-meanDP 1000 \\
            --max-missing-count 7 \\
            --recode --recode-INFO-all
fi
if [ -e dirty.recode.vcf ]; then rm dirty.recode.vcf; fi"
running: bash  -c "VCF='/gata/mar/cophyhopa/results/2022-05-04/assem2_indv2.recode.vcf'
if [ ! -e bri.recode.vcf ]; then
   vcftools --vcf \$VCF \\
            --out dirty \\
            --keep ~/cophyhopa/data/Brienz.txt \\
            --recode \\
            --recode-INFO-all
   vcftools --vcf dirty.recode.vcf \\
            --out bri \\
            --thin 500 \\
            --remove-indels \\
            --mac 2 \\
            --max-alleles 2 \\
            --max-meanDP 1000 \\
            --max-missing-count 7 \\
            --recode --recode-INFO-all
fi
if [ -e dirty.recode.vcf ]; then rm dirty.recode.vcf; fi"
output file: README.knit.md


Output created: README.html
