Kmer Analysis Toolkit (KAT) V2.4.2

Running KAT in GCP mode
------------------------

Input 1 is a sequence file.  Counting kmers for input 1 (../../data/fastq/WAL078_12865AAC_TACGCTGC-ATAGCCTT_R1_001.fastq.gz ../../data/fastq/WAL078_12865AAC_TACGCTGC-ATAGCCTT_R2_001.fastq.gz) ...
Warning: Specified hash size insufficent - attempting to double hash size...
Warning: Specified hash size insufficent - attempting to double hash size...
Warning: Specified hash size insufficent - attempting to double hash size...
Warning: Specified hash size insufficent - attempting to double hash size... success!
 success!
 success!
 success!
 done.  Time taken: 197.7s

Analysing kmers in hash ...done.  Time taken: 32.3s

Merging matrices ...done.  Time taken: 0.0s

Saving results to disk ... done.  Time taken: 0.0s

Creating plot ... done.  Time taken: 1.4s

Analysing peaks
---------------

Analysing distributions for: WAL078/gcp.mx ... done.  Time taken:  6.8s

K-mer frequency spectra statistics
----------------------------------

K-value used: 27
Peaks in analysis: 2
Global minima @ Frequency=78x (69254)
Global maxima @ Frequency=80x (70058)
Overall mean k-mer frequency: 117x

  Index    Left    Mean    Right    StdDev    Max    Volume  Description
-------  ------  ------  -------  --------  -----  --------  -------------
      1    8.48      80   151.52     35.76  30627   2711965  1X
      2   17.78     158   298.22     70.11  14339   2490208  2X

Calculating genome statistics
-----------------------------
Assuming that homozygous peak is the largest in the spectra with frequency of: 80x
Homozygous peak index: 1
CAUTION: the following estimates are based on having a clean spectra and having identified the correct homozygous peak!
Estimated genome size: 7.69 Mbp

GC distribution statistics
--------------------------

K-value used: 27
Peaks in analysis: 1
Mean GC: 40.91%

  Index    Left    Mean    Right    StdDev       Max     Volume  Description
-------  ------  ------  -------  --------  --------  ---------  -------------
      1    3.84   11.14    18.43      3.65  15367901  140418888

Creating plots
--------------

Plotting K-mer frequency distributions ... done.  Saved to: None
Plotting GC distributions ... done. Saved to: None


KAT GCP completed.
Total runtime: 238.8s

