PLINK v1.90b6.14 64-bit (7 Jan 2020)
Options in effect:
  --allow-extra-chr 0
  --allow-no-sex
  --file ARC
  --make-bed
  --out ARC

Hostname: thermomix
Working directory: /gata/mar/cophyhopa/results/2022-05-09/admixture/ALPINE
Start time: Mon Jun 20 17:12:33 2022

Random number seed: 1655737953
257898 MB RAM detected; reserving 128949 MB for main workspace.
Scanning .ped file... done.
Performing single-pass .bed write (27225 variants, 114 people).
--file: ARC-temporary.bed + ARC-temporary.bim + ARC-temporary.fam written.
27225 variants loaded from .bim file.
114 people (0 males, 0 females, 114 ambiguous) loaded from .fam.
Ambiguous sex IDs written to ARC.nosex .
Using 1 thread (no multithreaded calculations invoked).
Before main variant filters, 114 founders and 0 nonfounders present.
Calculating allele frequencies... done.
Total genotyping rate is 0.994153.
27225 variants and 114 people pass filters and QC.
Note: No phenotypes present.
--make-bed to ARC.bed + ARC.bim + ARC.fam ... done.

End time: Mon Jun 20 17:12:34 2022
