PLINK v1.90b6.14 64-bit (7 Jan 2020)
Options in effect:
  --allow-extra-chr 0
  --allow-no-sex
  --file BT_afap
  --make-bed
  --out BT_afap

Hostname: thermomix
Working directory: /gata/mar/cophyhopa/results/2022-05-09/admixture/ALPINE
Start time: Mon Jun 20 16:40:02 2022

Random number seed: 1655736002
257898 MB RAM detected; reserving 128949 MB for main workspace.
Scanning .ped file... done.
Performing single-pass .bed write (25556 variants, 70 people).
--file: BT_afap-temporary.bed + BT_afap-temporary.bim + BT_afap-temporary.fam
written.
25556 variants loaded from .bim file.
70 people (0 males, 0 females, 70 ambiguous) loaded from .fam.
Ambiguous sex IDs written to BT_afap.nosex .
Using 1 thread (no multithreaded calculations invoked).
Before main variant filters, 70 founders and 0 nonfounders present.
Calculating allele frequencies... done.
Total genotyping rate is 0.986056.
25556 variants and 70 people pass filters and QC.
Note: No phenotypes present.
--make-bed to BT_afap.bed + BT_afap.bim + BT_afap.fam ... done.

End time: Mon Jun 20 16:40:02 2022
