PLINK v1.90b6.14 64-bit (7 Jan 2020)
Options in effect:
  --allow-extra-chr 0
  --allow-no-sex
  --file BT_all
  --make-bed
  --out BT_all

Hostname: thermomix
Working directory: /gata/mar/cophyhopa/results/2022-05-09/admixture/ALPINE
Start time: Mon Jun 20 16:35:27 2022

Random number seed: 1655735727
257898 MB RAM detected; reserving 128949 MB for main workspace.
Scanning .ped file... done.
Performing single-pass .bed write (25568 variants, 80 people).
--file: BT_all-temporary.bed + BT_all-temporary.bim + BT_all-temporary.fam
written.
25568 variants loaded from .bim file.
80 people (0 males, 0 females, 80 ambiguous) loaded from .fam.
Ambiguous sex IDs written to BT_all.nosex .
Using 1 thread (no multithreaded calculations invoked).
Before main variant filters, 80 founders and 0 nonfounders present.
Calculating allele frequencies... done.
Total genotyping rate is 0.98788.
25568 variants and 80 people pass filters and QC.
Note: No phenotypes present.
--make-bed to BT_all.bed + BT_all.bim + BT_all.fam ... done.

End time: Mon Jun 20 16:35:27 2022
