PLINK v1.90b6.14 64-bit (7 Jan 2020)
Options in effect:
  --allow-extra-chr 0
  --allow-no-sex
  --file BT_fa
  --make-bed
  --out BT_fa

Hostname: thermomix
Working directory: /gata/mar/cophyhopa/results/2022-05-09/admixture/ALPINE
Start time: Mon Jun 20 16:46:06 2022

Random number seed: 1655736366
257898 MB RAM detected; reserving 128949 MB for main workspace.
Scanning .ped file... done.
Performing single-pass .bed write (27142 variants, 38 people).
--file: BT_fa-temporary.bed + BT_fa-temporary.bim + BT_fa-temporary.fam
written.
27142 variants loaded from .bim file.
38 people (0 males, 0 females, 38 ambiguous) loaded from .fam.
Ambiguous sex IDs written to BT_fa.nosex .
Using 1 thread (no multithreaded calculations invoked).
Before main variant filters, 38 founders and 0 nonfounders present.
Calculating allele frequencies... done.
Total genotyping rate is 0.9792.
27142 variants and 38 people pass filters and QC.
Note: No phenotypes present.
--make-bed to BT_fa.bed + BT_fa.bim + BT_fa.fam ... done.

End time: Mon Jun 20 16:46:06 2022
