PLINK v1.90b6.14 64-bit (7 Jan 2020)
Options in effect:
  --allow-extra-chr 0
  --allow-no-sex
  --file BTB_all
  --make-bed
  --out BTB_all

Hostname: thermomix
Working directory: /gata/mar/cophyhopa/results/2022-05-09/admixture/ALPINE
Start time: Mon Jun 20 16:53:29 2022

Random number seed: 1655736809
257898 MB RAM detected; reserving 128949 MB for main workspace.
Scanning .ped file... done.
Performing single-pass .bed write (21907 variants, 94 people).
--file: BTB_all-temporary.bed + BTB_all-temporary.bim + BTB_all-temporary.fam
written.
21907 variants loaded from .bim file.
94 people (0 males, 0 females, 94 ambiguous) loaded from .fam.
Ambiguous sex IDs written to BTB_all.nosex .
Using 1 thread (no multithreaded calculations invoked).
Before main variant filters, 94 founders and 0 nonfounders present.
Calculating allele frequencies... done.
Total genotyping rate is 0.989697.
21907 variants and 94 people pass filters and QC.
Note: No phenotypes present.
--make-bed to BTB_all.bed + BTB_all.bim + BTB_all.fam ... done.

End time: Mon Jun 20 16:53:29 2022
