****                   ADMIXTURE Version 1.3.0                  ****
****                    Copyright 2008-2015                     ****
****           David Alexander, Suyash Shringarpure,            ****
****                John  Novembre, Ken Lange                   ****
****                                                            ****
****                 Please cite our paper!                     ****
****   Information at www.genetics.ucla.edu/software/admixture  ****

Cross-validation will be performed.  Folds=5.
Random seed: 43
Point estimation method: Block relaxation algorithm
Convergence acceleration algorithm: QuasiNewton, 3 secant conditions
Point estimation will terminate when objective function delta < 0.0001
Estimation of standard errors disabled; will compute point estimates only.
Size of G: 38x27142
Performing five EM steps to prime main algorithm
1 (EM) 	Elapsed: 0.069	Loglikelihood: -831961	(delta): 903465
2 (EM) 	Elapsed: 0.064	Loglikelihood: -802369	(delta): 29592
3 (EM) 	Elapsed: 0.058	Loglikelihood: -794174	(delta): 8194.96
4 (EM) 	Elapsed: 0.058	Loglikelihood: -790250	(delta): 3924.65
5 (EM) 	Elapsed: 0.058	Loglikelihood: -788226	(delta): 2024.17
Initial loglikelihood: -788226
Starting main algorithm
1 (QN/Block) 	Elapsed: 0.22	Loglikelihood: -775812	(delta): 12413.6
2 (QN/Block) 	Elapsed: 0.223	Loglikelihood: -764608	(delta): 11204.2
3 (QN/Block) 	Elapsed: 0.243	Loglikelihood: -761540	(delta): 3067.74
4 (QN/Block) 	Elapsed: 0.238	Loglikelihood: -760524	(delta): 1016.44
5 (QN/Block) 	Elapsed: 0.237	Loglikelihood: -760173	(delta): 350.37
6 (QN/Block) 	Elapsed: 0.237	Loglikelihood: -760094	(delta): 79.3213
7 (QN/Block) 	Elapsed: 0.274	Loglikelihood: -760081	(delta): 12.706
8 (QN/Block) 	Elapsed: 0.238	Loglikelihood: -760080	(delta): 1.38717
9 (QN/Block) 	Elapsed: 0.272	Loglikelihood: -760079	(delta): 0.445069
10 (QN/Block) 	Elapsed: 0.273	Loglikelihood: -760079	(delta): 0.0270014
11 (QN/Block) 	Elapsed: 0.237	Loglikelihood: -760079	(delta): 8.15024e-07
Summary: 
Converged in 11 iterations (3.226 sec)
Loglikelihood: -760079.307049
Fst divergences between estimated populations: 
	Pop0	
Pop0	
Pop1	0.125	
CV error (K=2): 0.56838
Writing output files.
