****                   ADMIXTURE Version 1.3.0                  ****
****                    Copyright 2008-2015                     ****
****           David Alexander, Suyash Shringarpure,            ****
****                John  Novembre, Ken Lange                   ****
****                                                            ****
****                 Please cite our paper!                     ****
****   Information at www.genetics.ucla.edu/software/admixture  ****

Cross-validation will be performed.  Folds=5.
Random seed: 43
Point estimation method: Block relaxation algorithm
Convergence acceleration algorithm: QuasiNewton, 3 secant conditions
Point estimation will terminate when objective function delta < 0.0001
Estimation of standard errors disabled; will compute point estimates only.
Size of G: 20x32521
Performing five EM steps to prime main algorithm
1 (EM) 	Elapsed: 0.037	Loglikelihood: -583411	(delta): 479619
2 (EM) 	Elapsed: 0.037	Loglikelihood: -560563	(delta): 22848.1
3 (EM) 	Elapsed: 0.037	Loglikelihood: -553130	(delta): 7433.2
4 (EM) 	Elapsed: 0.037	Loglikelihood: -549129	(delta): 4000.74
5 (EM) 	Elapsed: 0.037	Loglikelihood: -546650	(delta): 2479.11
Initial loglikelihood: -546650
Starting main algorithm
1 (QN/Block) 	Elapsed: 0.171	Loglikelihood: -522190	(delta): 24459.6
2 (QN/Block) 	Elapsed: 0.17	Loglikelihood: -510113	(delta): 12076.7
3 (QN/Block) 	Elapsed: 0.193	Loglikelihood: -507540	(delta): 2573.43
4 (QN/Block) 	Elapsed: 0.213	Loglikelihood: -506770	(delta): 769.86
5 (QN/Block) 	Elapsed: 0.189	Loglikelihood: -506553	(delta): 217.274
6 (QN/Block) 	Elapsed: 0.196	Loglikelihood: -506513	(delta): 39.6294
7 (QN/Block) 	Elapsed: 0.188	Loglikelihood: -506504	(delta): 9.11496
8 (QN/Block) 	Elapsed: 0.196	Loglikelihood: -506503	(delta): 1.09729
9 (QN/Block) 	Elapsed: 0.189	Loglikelihood: -506503	(delta): 0.0522242
10 (QN/Block) 	Elapsed: 0.189	Loglikelihood: -506503	(delta): 0.0058057
11 (QN/Block) 	Elapsed: 0.188	Loglikelihood: -506503	(delta): 0.000371301
12 (QN/Block) 	Elapsed: 0.188	Loglikelihood: -506503	(delta): 7.60832e-07
Summary: 
Converged in 12 iterations (2.617 sec)
Loglikelihood: -506502.981723
Fst divergences between estimated populations: 
	Pop0	
Pop0	
Pop1	0.167	
CV error (K=2): 0.76311
Writing output files.
