****                   ADMIXTURE Version 1.3.0                  ****
****                    Copyright 2008-2015                     ****
****           David Alexander, Suyash Shringarpure,            ****
****                John  Novembre, Ken Lange                   ****
****                                                            ****
****                 Please cite our paper!                     ****
****   Information at www.genetics.ucla.edu/software/admixture  ****

Cross-validation will be performed.  Folds=5.
Random seed: 43
Point estimation method: Block relaxation algorithm
Convergence acceleration algorithm: QuasiNewton, 3 secant conditions
Point estimation will terminate when objective function delta < 0.0001
Estimation of standard errors disabled; will compute point estimates only.
Size of G: 48x36403
Performing five EM steps to prime main algorithm
1 (EM) 	Elapsed: 0.101	Loglikelihood: -1.37698e+06	(delta): 1.58081e+06
2 (EM) 	Elapsed: 0.099	Loglikelihood: -1.3298e+06	(delta): 47178.6
3 (EM) 	Elapsed: 0.099	Loglikelihood: -1.31727e+06	(delta): 12528.7
4 (EM) 	Elapsed: 0.099	Loglikelihood: -1.31113e+06	(delta): 6141.76
5 (EM) 	Elapsed: 0.099	Loglikelihood: -1.30786e+06	(delta): 3266.23
Initial loglikelihood: -1.30786e+06
Starting main algorithm
1 (QN/Block) 	Elapsed: 0.336	Loglikelihood: -1.28013e+06	(delta): 27728.4
2 (QN/Block) 	Elapsed: 0.349	Loglikelihood: -1.24663e+06	(delta): 33501.5
3 (QN/Block) 	Elapsed: 0.383	Loglikelihood: -1.24029e+06	(delta): 6338.49
4 (QN/Block) 	Elapsed: 0.378	Loglikelihood: -1.23753e+06	(delta): 2765.05
5 (QN/Block) 	Elapsed: 0.436	Loglikelihood: -1.23645e+06	(delta): 1077.91
6 (QN/Block) 	Elapsed: 0.397	Loglikelihood: -1.23627e+06	(delta): 183.372
7 (QN/Block) 	Elapsed: 0.376	Loglikelihood: -1.23621e+06	(delta): 51.9456
8 (QN/Block) 	Elapsed: 0.434	Loglikelihood: -1.23618e+06	(delta): 37.216
9 (QN/Block) 	Elapsed: 0.395	Loglikelihood: -1.23616e+06	(delta): 18.8396
10 (QN/Block) 	Elapsed: 0.42	Loglikelihood: -1.23615e+06	(delta): 2.27604
11 (QN/Block) 	Elapsed: 0.477	Loglikelihood: -1.23615e+06	(delta): 0.288784
12 (QN/Block) 	Elapsed: 0.42	Loglikelihood: -1.23615e+06	(delta): 0.00184297
13 (QN/Block) 	Elapsed: 0.42	Loglikelihood: -1.23615e+06	(delta): 7.67515e-05
Summary: 
Converged in 13 iterations (6.126 sec)
Loglikelihood: -1236154.487225
Fst divergences between estimated populations: 
	Pop0	
Pop0	
Pop1	0.133	
CV error (K=2): 0.48759
Writing output files.
