****                   ADMIXTURE Version 1.3.0                  ****
****                    Copyright 2008-2015                     ****
****           David Alexander, Suyash Shringarpure,            ****
****                John  Novembre, Ken Lange                   ****
****                                                            ****
****                 Please cite our paper!                     ****
****   Information at www.genetics.ucla.edu/software/admixture  ****

Cross-validation will be performed.  Folds=5.
Random seed: 43
Point estimation method: Block relaxation algorithm
Convergence acceleration algorithm: QuasiNewton, 3 secant conditions
Point estimation will terminate when objective function delta < 0.0001
Estimation of standard errors disabled; will compute point estimates only.
Size of G: 20x32520
Performing five EM steps to prime main algorithm
1 (EM) 	Elapsed: 0.037	Loglikelihood: -582956	(delta): 476993
2 (EM) 	Elapsed: 0.037	Loglikelihood: -560084	(delta): 22872.1
3 (EM) 	Elapsed: 0.037	Loglikelihood: -552869	(delta): 7214.95
4 (EM) 	Elapsed: 0.037	Loglikelihood: -549110	(delta): 3758.84
5 (EM) 	Elapsed: 0.037	Loglikelihood: -546949	(delta): 2161.25
Initial loglikelihood: -546949
Starting main algorithm
1 (QN/Block) 	Elapsed: 0.171	Loglikelihood: -536113	(delta): 10835.8
2 (QN/Block) 	Elapsed: 0.171	Loglikelihood: -525643	(delta): 10470.5
3 (QN/Block) 	Elapsed: 0.194	Loglikelihood: -521996	(delta): 3646.79
4 (QN/Block) 	Elapsed: 0.191	Loglikelihood: -520411	(delta): 1584.86
5 (QN/Block) 	Elapsed: 0.192	Loglikelihood: -519103	(delta): 1307.86
6 (QN/Block) 	Elapsed: 0.199	Loglikelihood: -518891	(delta): 211.645
7 (QN/Block) 	Elapsed: 0.19	Loglikelihood: -518836	(delta): 55.7061
8 (QN/Block) 	Elapsed: 0.19	Loglikelihood: -518810	(delta): 25.1829
9 (QN/Block) 	Elapsed: 0.19	Loglikelihood: -518792	(delta): 18.8171
10 (QN/Block) 	Elapsed: 0.198	Loglikelihood: -518786	(delta): 6.00046
11 (QN/Block) 	Elapsed: 0.206	Loglikelihood: -518785	(delta): 0.731165
12 (QN/Block) 	Elapsed: 0.215	Loglikelihood: -518785	(delta): 0.138501
13 (QN/Block) 	Elapsed: 0.191	Loglikelihood: -518785	(delta): 0.066616
14 (QN/Block) 	Elapsed: 0.208	Loglikelihood: -518785	(delta): 0.0209965
15 (QN/Block) 	Elapsed: 0.199	Loglikelihood: -518785	(delta): 0.00607223
16 (QN/Block) 	Elapsed: 0.191	Loglikelihood: -518785	(delta): 0.00190794
17 (QN/Block) 	Elapsed: 0.19	Loglikelihood: -518785	(delta): 0.000163707
18 (QN/Block) 	Elapsed: 0.19	Loglikelihood: -518785	(delta): 1.25344e-06
Summary: 
Converged in 18 iterations (3.871 sec)
Loglikelihood: -518784.708311
Fst divergences between estimated populations: 
	Pop0	
Pop0	
Pop1	0.170	
CV error (K=2): 0.81025
Writing output files.
