****                   ADMIXTURE Version 1.3.0                  ****
****                    Copyright 2008-2015                     ****
****           David Alexander, Suyash Shringarpure,            ****
****                John  Novembre, Ken Lange                   ****
****                                                            ****
****                 Please cite our paper!                     ****
****   Information at www.genetics.ucla.edu/software/admixture  ****

Cross-validation will be performed.  Folds=5.
Random seed: 43
Point estimation method: Block relaxation algorithm
Convergence acceleration algorithm: QuasiNewton, 3 secant conditions
Point estimation will terminate when objective function delta < 0.0001
Estimation of standard errors disabled; will compute point estimates only.
Size of G: 20x32521
Performing five EM steps to prime main algorithm
1 (EM) 	Elapsed: 0.061	Loglikelihood: -586027	(delta): 404153
2 (EM) 	Elapsed: 0.058	Loglikelihood: -562327	(delta): 23699.6
3 (EM) 	Elapsed: 0.058	Loglikelihood: -554249	(delta): 8078.03
4 (EM) 	Elapsed: 0.058	Loglikelihood: -549084	(delta): 5164.73
5 (EM) 	Elapsed: 0.058	Loglikelihood: -545175	(delta): 3909.5
Initial loglikelihood: -545175
Starting main algorithm
1 (QN/Block) 	Elapsed: 0.237	Loglikelihood: -514275	(delta): 30899.9
2 (QN/Block) 	Elapsed: 0.231	Loglikelihood: -498516	(delta): 15758.7
3 (QN/Block) 	Elapsed: 0.265	Loglikelihood: -493818	(delta): 4698.49
4 (QN/Block) 	Elapsed: 0.251	Loglikelihood: -490225	(delta): 3592.91
5 (QN/Block) 	Elapsed: 0.251	Loglikelihood: -489274	(delta): 950.313
6 (QN/Block) 	Elapsed: 0.277	Loglikelihood: -489092	(delta): 182.111
7 (QN/Block) 	Elapsed: 0.269	Loglikelihood: -488815	(delta): 277.678
8 (QN/Block) 	Elapsed: 0.26	Loglikelihood: -488432	(delta): 382.385
9 (QN/Block) 	Elapsed: 0.251	Loglikelihood: -488174	(delta): 258.277
10 (QN/Block) 	Elapsed: 0.251	Loglikelihood: -487942	(delta): 232.111
11 (QN/Block) 	Elapsed: 0.25	Loglikelihood: -487485	(delta): 457.31
12 (QN/Block) 	Elapsed: 0.276	Loglikelihood: -487130	(delta): 354.076
13 (QN/Block) 	Elapsed: 0.25	Loglikelihood: -487033	(delta): 97.7975
14 (QN/Block) 	Elapsed: 0.251	Loglikelihood: -486970	(delta): 62.5418
15 (QN/Block) 	Elapsed: 0.251	Loglikelihood: -486846	(delta): 124.244
16 (QN/Block) 	Elapsed: 0.268	Loglikelihood: -486757	(delta): 89.0417
17 (QN/Block) 	Elapsed: 0.251	Loglikelihood: -486701	(delta): 55.5962
18 (QN/Block) 	Elapsed: 0.251	Loglikelihood: -486666	(delta): 35.6859
19 (QN/Block) 	Elapsed: 0.277	Loglikelihood: -486619	(delta): 46.8317
20 (QN/Block) 	Elapsed: 0.277	Loglikelihood: -486572	(delta): 46.9087
21 (QN/Block) 	Elapsed: 0.25	Loglikelihood: -486551	(delta): 20.7468
22 (QN/Block) 	Elapsed: 0.251	Loglikelihood: -486541	(delta): 10.3446
23 (QN/Block) 	Elapsed: 0.259	Loglikelihood: -486536	(delta): 5.10944
24 (QN/Block) 	Elapsed: 0.25	Loglikelihood: -486532	(delta): 3.54403
25 (QN/Block) 	Elapsed: 0.25	Loglikelihood: -486529	(delta): 3.41479
26 (QN/Block) 	Elapsed: 0.259	Loglikelihood: -486521	(delta): 7.89959
27 (QN/Block) 	Elapsed: 0.268	Loglikelihood: -486506	(delta): 14.3306
28 (QN/Block) 	Elapsed: 0.252	Loglikelihood: -486445	(delta): 61.8713
29 (QN/Block) 	Elapsed: 0.278	Loglikelihood: -486305	(delta): 139.156
30 (QN/Block) 	Elapsed: 0.278	Loglikelihood: -486218	(delta): 87.2085
31 (QN/Block) 	Elapsed: 0.279	Loglikelihood: -486218	(delta): 0.401354
32 (QN/Block) 	Elapsed: 0.252	Loglikelihood: -486218	(delta): 0.0145419
33 (QN/Block) 	Elapsed: 0.252	Loglikelihood: -486218	(delta): 1.23497e-05
Summary: 
Converged in 33 iterations (9.18 sec)
Loglikelihood: -486217.755146
Fst divergences between estimated populations: 
	Pop0	Pop1	
Pop0	
Pop1	0.133	
Pop2	0.174	0.187	
CV error (K=3): 1.09436
Writing output files.
