****                   ADMIXTURE Version 1.3.0                  ****
****                    Copyright 2008-2015                     ****
****           David Alexander, Suyash Shringarpure,            ****
****                John  Novembre, Ken Lange                   ****
****                                                            ****
****                 Please cite our paper!                     ****
****   Information at www.genetics.ucla.edu/software/admixture  ****

Cross-validation will be performed.  Folds=5.
Random seed: 43
Point estimation method: Block relaxation algorithm
Convergence acceleration algorithm: QuasiNewton, 3 secant conditions
Point estimation will terminate when objective function delta < 0.0001
Estimation of standard errors disabled; will compute point estimates only.
Size of G: 38x27142
Performing five EM steps to prime main algorithm
1 (EM) 	Elapsed: 0.093	Loglikelihood: -841291	(delta): 772668
2 (EM) 	Elapsed: 0.091	Loglikelihood: -806532	(delta): 34759.7
3 (EM) 	Elapsed: 0.091	Loglikelihood: -796674	(delta): 9857.93
4 (EM) 	Elapsed: 0.092	Loglikelihood: -790912	(delta): 5761.6
5 (EM) 	Elapsed: 0.091	Loglikelihood: -786992	(delta): 3919.71
Initial loglikelihood: -786992
Starting main algorithm
1 (QN/Block) 	Elapsed: 0.292	Loglikelihood: -769532	(delta): 17460.3
2 (QN/Block) 	Elapsed: 0.292	Loglikelihood: -752653	(delta): 16878.9
3 (QN/Block) 	Elapsed: 0.339	Loglikelihood: -746805	(delta): 5848.22
4 (QN/Block) 	Elapsed: 0.364	Loglikelihood: -745439	(delta): 1365.81
5 (QN/Block) 	Elapsed: 0.321	Loglikelihood: -745152	(delta): 287.092
6 (QN/Block) 	Elapsed: 0.346	Loglikelihood: -745042	(delta): 109.744
7 (QN/Block) 	Elapsed: 0.359	Loglikelihood: -744889	(delta): 153.705
8 (QN/Block) 	Elapsed: 0.359	Loglikelihood: -744823	(delta): 65.9521
9 (QN/Block) 	Elapsed: 0.345	Loglikelihood: -744817	(delta): 5.49312
10 (QN/Block) 	Elapsed: 0.361	Loglikelihood: -744804	(delta): 13.0113
11 (QN/Block) 	Elapsed: 0.36	Loglikelihood: -744783	(delta): 20.8441
12 (QN/Block) 	Elapsed: 0.358	Loglikelihood: -744750	(delta): 33.1108
13 (QN/Block) 	Elapsed: 0.353	Loglikelihood: -744729	(delta): 21.4688
14 (QN/Block) 	Elapsed: 0.366	Loglikelihood: -744713	(delta): 15.3275
15 (QN/Block) 	Elapsed: 0.349	Loglikelihood: -744711	(delta): 1.86995
16 (QN/Block) 	Elapsed: 0.335	Loglikelihood: -744706	(delta): 5.22385
17 (QN/Block) 	Elapsed: 0.358	Loglikelihood: -744672	(delta): 34.2405
18 (QN/Block) 	Elapsed: 0.366	Loglikelihood: -744644	(delta): 27.9508
19 (QN/Block) 	Elapsed: 0.366	Loglikelihood: -744643	(delta): 1.4016
20 (QN/Block) 	Elapsed: 0.335	Loglikelihood: -744642	(delta): 0.41807
21 (QN/Block) 	Elapsed: 0.333	Loglikelihood: -744642	(delta): 0.125114
22 (QN/Block) 	Elapsed: 0.335	Loglikelihood: -744642	(delta): 0.0297943
23 (QN/Block) 	Elapsed: 0.32	Loglikelihood: -744642	(delta): 0.018974
24 (QN/Block) 	Elapsed: 0.333	Loglikelihood: -744642	(delta): 0.0127311
25 (QN/Block) 	Elapsed: 0.347	Loglikelihood: -744642	(delta): 0.044136
26 (QN/Block) 	Elapsed: 0.322	Loglikelihood: -744642	(delta): 0.0397288
27 (QN/Block) 	Elapsed: 0.321	Loglikelihood: -744642	(delta): 0.011539
28 (QN/Block) 	Elapsed: 0.32	Loglikelihood: -744642	(delta): 0.00223319
29 (QN/Block) 	Elapsed: 0.32	Loglikelihood: -744642	(delta): 0.000379522
30 (QN/Block) 	Elapsed: 0.32	Loglikelihood: -744642	(delta): 7.91708e-05
Summary: 
Converged in 30 iterations (11.153 sec)
Loglikelihood: -744641.934290
Fst divergences between estimated populations: 
	Pop0	Pop1	
Pop0	
Pop1	0.136	
Pop2	0.059	0.136	
CV error (K=3): 0.64262
Writing output files.
