****                   ADMIXTURE Version 1.3.0                  ****
****                    Copyright 2008-2015                     ****
****           David Alexander, Suyash Shringarpure,            ****
****                John  Novembre, Ken Lange                   ****
****                                                            ****
****                 Please cite our paper!                     ****
****   Information at www.genetics.ucla.edu/software/admixture  ****

Cross-validation will be performed.  Folds=5.
Random seed: 43
Point estimation method: Block relaxation algorithm
Convergence acceleration algorithm: QuasiNewton, 3 secant conditions
Point estimation will terminate when objective function delta < 0.0001
Estimation of standard errors disabled; will compute point estimates only.
Size of G: 48x36403
Performing five EM steps to prime main algorithm
1 (EM) 	Elapsed: 0.155	Loglikelihood: -1.39133e+06	(delta): 1.35839e+06
2 (EM) 	Elapsed: 0.155	Loglikelihood: -1.33414e+06	(delta): 57190.5
3 (EM) 	Elapsed: 0.155	Loglikelihood: -1.31804e+06	(delta): 16096.4
4 (EM) 	Elapsed: 0.155	Loglikelihood: -1.30838e+06	(delta): 9658.61
5 (EM) 	Elapsed: 0.155	Loglikelihood: -1.30148e+06	(delta): 6901.88
Initial loglikelihood: -1.30148e+06
Starting main algorithm
1 (QN/Block) 	Elapsed: 0.463	Loglikelihood: -1.23703e+06	(delta): 64448.5
2 (QN/Block) 	Elapsed: 0.46	Loglikelihood: -1.22286e+06	(delta): 14174.4
3 (QN/Block) 	Elapsed: 0.527	Loglikelihood: -1.2186e+06	(delta): 4256.37
4 (QN/Block) 	Elapsed: 0.546	Loglikelihood: -1.21694e+06	(delta): 1658.97
5 (QN/Block) 	Elapsed: 0.542	Loglikelihood: -1.21611e+06	(delta): 835.801
6 (QN/Block) 	Elapsed: 0.564	Loglikelihood: -1.21365e+06	(delta): 2452.96
7 (QN/Block) 	Elapsed: 0.565	Loglikelihood: -1.20663e+06	(delta): 7026.44
8 (QN/Block) 	Elapsed: 0.522	Loglikelihood: -1.20096e+06	(delta): 5661.19
9 (QN/Block) 	Elapsed: 0.586	Loglikelihood: -1.1997e+06	(delta): 1269.65
10 (QN/Block) 	Elapsed: 0.523	Loglikelihood: -1.19944e+06	(delta): 257.34
11 (QN/Block) 	Elapsed: 0.523	Loglikelihood: -1.19937e+06	(delta): 63.783
12 (QN/Block) 	Elapsed: 0.522	Loglikelihood: -1.19934e+06	(delta): 33.5732
13 (QN/Block) 	Elapsed: 0.522	Loglikelihood: -1.19933e+06	(delta): 5.9806
14 (QN/Block) 	Elapsed: 0.522	Loglikelihood: -1.19933e+06	(delta): 0.224305
15 (QN/Block) 	Elapsed: 0.522	Loglikelihood: -1.19933e+06	(delta): 0.0727839
16 (QN/Block) 	Elapsed: 0.523	Loglikelihood: -1.19933e+06	(delta): 0.0133098
17 (QN/Block) 	Elapsed: 0.522	Loglikelihood: -1.19933e+06	(delta): 0.00108475
18 (QN/Block) 	Elapsed: 0.522	Loglikelihood: -1.19933e+06	(delta): 0.000136974
19 (QN/Block) 	Elapsed: 0.523	Loglikelihood: -1.19933e+06	(delta): 8.40519e-06
Summary: 
Converged in 19 iterations (11.358 sec)
Loglikelihood: -1199334.301770
Fst divergences between estimated populations: 
	Pop0	Pop1	
Pop0	
Pop1	0.128	
Pop2	0.165	0.087	
CV error (K=3): 0.53744
Writing output files.
