****                   ADMIXTURE Version 1.3.0                  ****
****                    Copyright 2008-2015                     ****
****           David Alexander, Suyash Shringarpure,            ****
****                John  Novembre, Ken Lange                   ****
****                                                            ****
****                 Please cite our paper!                     ****
****   Information at www.genetics.ucla.edu/software/admixture  ****

Cross-validation will be performed.  Folds=5.
Random seed: 43
Point estimation method: Block relaxation algorithm
Convergence acceleration algorithm: QuasiNewton, 3 secant conditions
Point estimation will terminate when objective function delta < 0.0001
Estimation of standard errors disabled; will compute point estimates only.
Size of G: 20x32520
Performing five EM steps to prime main algorithm
1 (EM) 	Elapsed: 0.063	Loglikelihood: -582974	(delta): 406563
2 (EM) 	Elapsed: 0.059	Loglikelihood: -558211	(delta): 24762.9
3 (EM) 	Elapsed: 0.059	Loglikelihood: -549026	(delta): 9185.47
4 (EM) 	Elapsed: 0.059	Loglikelihood: -542786	(delta): 6239.33
5 (EM) 	Elapsed: 0.059	Loglikelihood: -537940	(delta): 4846.11
Initial loglikelihood: -537940
Starting main algorithm
1 (QN/Block) 	Elapsed: 0.23	Loglikelihood: -514419	(delta): 23521.4
2 (QN/Block) 	Elapsed: 0.23	Loglikelihood: -507338	(delta): 7080.6
3 (QN/Block) 	Elapsed: 0.257	Loglikelihood: -503352	(delta): 3985.82
4 (QN/Block) 	Elapsed: 0.264	Loglikelihood: -501521	(delta): 1831.14
5 (QN/Block) 	Elapsed: 0.251	Loglikelihood: -500860	(delta): 661.431
6 (QN/Block) 	Elapsed: 0.251	Loglikelihood: -500361	(delta): 498.936
7 (QN/Block) 	Elapsed: 0.278	Loglikelihood: -499941	(delta): 420.263
8 (QN/Block) 	Elapsed: 0.278	Loglikelihood: -499885	(delta): 55.3639
9 (QN/Block) 	Elapsed: 0.278	Loglikelihood: -499869	(delta): 16.7527
10 (QN/Block) 	Elapsed: 0.251	Loglikelihood: -499861	(delta): 7.43648
11 (QN/Block) 	Elapsed: 0.251	Loglikelihood: -499859	(delta): 2.52282
12 (QN/Block) 	Elapsed: 0.251	Loglikelihood: -499841	(delta): 17.6356
13 (QN/Block) 	Elapsed: 0.277	Loglikelihood: -499782	(delta): 59.3092
14 (QN/Block) 	Elapsed: 0.277	Loglikelihood: -499657	(delta): 124.831
15 (QN/Block) 	Elapsed: 0.277	Loglikelihood: -499459	(delta): 198.222
16 (QN/Block) 	Elapsed: 0.277	Loglikelihood: -499118	(delta): 341.028
17 (QN/Block) 	Elapsed: 0.26	Loglikelihood: -498628	(delta): 489.471
18 (QN/Block) 	Elapsed: 0.277	Loglikelihood: -498272	(delta): 355.934
19 (QN/Block) 	Elapsed: 0.277	Loglikelihood: -498072	(delta): 200.368
20 (QN/Block) 	Elapsed: 0.277	Loglikelihood: -497752	(delta): 320.051
21 (QN/Block) 	Elapsed: 0.277	Loglikelihood: -497306	(delta): 445.941
22 (QN/Block) 	Elapsed: 0.259	Loglikelihood: -496941	(delta): 364.459
23 (QN/Block) 	Elapsed: 0.277	Loglikelihood: -495908	(delta): 1033.26
24 (QN/Block) 	Elapsed: 0.277	Loglikelihood: -495134	(delta): 774.205
25 (QN/Block) 	Elapsed: 0.276	Loglikelihood: -494614	(delta): 520.226
26 (QN/Block) 	Elapsed: 0.276	Loglikelihood: -494377	(delta): 236.241
27 (QN/Block) 	Elapsed: 0.275	Loglikelihood: -494160	(delta): 217.096
28 (QN/Block) 	Elapsed: 0.279	Loglikelihood: -493812	(delta): 348.76
29 (QN/Block) 	Elapsed: 0.261	Loglikelihood: -493668	(delta): 143.857
30 (QN/Block) 	Elapsed: 0.281	Loglikelihood: -493621	(delta): 46.3796
31 (QN/Block) 	Elapsed: 0.259	Loglikelihood: -493609	(delta): 12.7053
32 (QN/Block) 	Elapsed: 0.276	Loglikelihood: -493592	(delta): 16.7903
33 (QN/Block) 	Elapsed: 0.277	Loglikelihood: -493582	(delta): 10.2777
34 (QN/Block) 	Elapsed: 0.276	Loglikelihood: -493578	(delta): 3.53245
35 (QN/Block) 	Elapsed: 0.25	Loglikelihood: -493578	(delta): 0.316556
36 (QN/Block) 	Elapsed: 0.25	Loglikelihood: -493577	(delta): 0.516218
37 (QN/Block) 	Elapsed: 0.252	Loglikelihood: -493576	(delta): 0.906531
38 (QN/Block) 	Elapsed: 0.277	Loglikelihood: -493576	(delta): 0.516877
39 (QN/Block) 	Elapsed: 0.28	Loglikelihood: -493575	(delta): 0.552427
40 (QN/Block) 	Elapsed: 0.279	Loglikelihood: -493574	(delta): 0.735065
41 (QN/Block) 	Elapsed: 0.285	Loglikelihood: -493573	(delta): 0.970085
42 (QN/Block) 	Elapsed: 0.283	Loglikelihood: -493572	(delta): 1.26658
43 (QN/Block) 	Elapsed: 0.282	Loglikelihood: -493571	(delta): 1.63626
44 (QN/Block) 	Elapsed: 0.279	Loglikelihood: -493568	(delta): 2.09356
45 (QN/Block) 	Elapsed: 0.279	Loglikelihood: -493568	(delta): 0.774841
46 (QN/Block) 	Elapsed: 0.28	Loglikelihood: -493568	(delta): 0.000973153
47 (QN/Block) 	Elapsed: 0.254	Loglikelihood: -493568	(delta): 0.00014144
48 (QN/Block) 	Elapsed: 0.254	Loglikelihood: -493568	(delta): 1.28057e-09
Summary: 
Converged in 48 iterations (13.681 sec)
Loglikelihood: -493567.682122
Fst divergences between estimated populations: 
	Pop0	Pop1	
Pop0	
Pop1	0.184	
Pop2	0.128	0.169	
CV error (K=3): 1.06567
Writing output files.
