****                   ADMIXTURE Version 1.3.0                  ****
****                    Copyright 2008-2015                     ****
****           David Alexander, Suyash Shringarpure,            ****
****                John  Novembre, Ken Lange                   ****
****                                                            ****
****                 Please cite our paper!                     ****
****   Information at www.genetics.ucla.edu/software/admixture  ****

Cross-validation will be performed.  Folds=5.
Random seed: 43
Point estimation method: Block relaxation algorithm
Convergence acceleration algorithm: QuasiNewton, 3 secant conditions
Point estimation will terminate when objective function delta < 0.0001
Estimation of standard errors disabled; will compute point estimates only.
Size of G: 70x25556
Performing five EM steps to prime main algorithm
1 (EM) 	Elapsed: 0.178	Loglikelihood: -1.32438e+06	(delta): 1.51295e+06
2 (EM) 	Elapsed: 0.157	Loglikelihood: -1.26966e+06	(delta): 54721.4
3 (EM) 	Elapsed: 0.157	Loglikelihood: -1.25469e+06	(delta): 14967.6
4 (EM) 	Elapsed: 0.157	Loglikelihood: -1.24615e+06	(delta): 8543.8
5 (EM) 	Elapsed: 0.157	Loglikelihood: -1.24057e+06	(delta): 5578.44
Initial loglikelihood: -1.24057e+06
Starting main algorithm
1 (QN/Block) 	Elapsed: 0.438	Loglikelihood: -1.17086e+06	(delta): 69710.5
2 (QN/Block) 	Elapsed: 0.437	Loglikelihood: -1.13667e+06	(delta): 34192.3
3 (QN/Block) 	Elapsed: 0.509	Loglikelihood: -1.11663e+06	(delta): 20035.4
4 (QN/Block) 	Elapsed: 0.505	Loglikelihood: -1.10745e+06	(delta): 9179.68
5 (QN/Block) 	Elapsed: 0.485	Loglikelihood: -1.10142e+06	(delta): 6030.43
6 (QN/Block) 	Elapsed: 0.487	Loglikelihood: -1.10039e+06	(delta): 1034.89
7 (QN/Block) 	Elapsed: 0.486	Loglikelihood: -1.10013e+06	(delta): 261.093
8 (QN/Block) 	Elapsed: 0.487	Loglikelihood: -1.10008e+06	(delta): 43.9935
9 (QN/Block) 	Elapsed: 0.486	Loglikelihood: -1.10007e+06	(delta): 15.8379
10 (QN/Block) 	Elapsed: 0.486	Loglikelihood: -1.10006e+06	(delta): 3.89768
11 (QN/Block) 	Elapsed: 0.529	Loglikelihood: -1.10006e+06	(delta): 0.101735
12 (QN/Block) 	Elapsed: 0.485	Loglikelihood: -1.10006e+06	(delta): 0.00414235
13 (QN/Block) 	Elapsed: 0.486	Loglikelihood: -1.10006e+06	(delta): 0.00156719
14 (QN/Block) 	Elapsed: 0.485	Loglikelihood: -1.10006e+06	(delta): 7.34185e-06
Summary: 
Converged in 14 iterations (8.072 sec)
Loglikelihood: -1100062.510809
Fst divergences between estimated populations: 
	Pop0	Pop1	
Pop0	
Pop1	0.182	
Pop2	0.176	0.162	
CV error (K=3): 0.44847
Writing output files.
