****                   ADMIXTURE Version 1.3.0                  ****
****                    Copyright 2008-2015                     ****
****           David Alexander, Suyash Shringarpure,            ****
****                John  Novembre, Ken Lange                   ****
****                                                            ****
****                 Please cite our paper!                     ****
****   Information at www.genetics.ucla.edu/software/admixture  ****

Cross-validation will be performed.  Folds=5.
Random seed: 43
Point estimation method: Block relaxation algorithm
Convergence acceleration algorithm: QuasiNewton, 3 secant conditions
Point estimation will terminate when objective function delta < 0.0001
Estimation of standard errors disabled; will compute point estimates only.
Size of G: 20x32520
Performing five EM steps to prime main algorithm
1 (EM) 	Elapsed: 0.089	Loglikelihood: -582338	(delta): 373499
2 (EM) 	Elapsed: 0.081	Loglikelihood: -556323	(delta): 26015.3
3 (EM) 	Elapsed: 0.081	Loglikelihood: -546756	(delta): 9566.97
4 (EM) 	Elapsed: 0.081	Loglikelihood: -540570	(delta): 6185.78
5 (EM) 	Elapsed: 0.081	Loglikelihood: -535968	(delta): 4601.91
Initial loglikelihood: -535968
Starting main algorithm
1 (QN/Block) 	Elapsed: 0.307	Loglikelihood: -502937	(delta): 33030.8
2 (QN/Block) 	Elapsed: 0.318	Loglikelihood: -490417	(delta): 12520.3
3 (QN/Block) 	Elapsed: 0.349	Loglikelihood: -485055	(delta): 5361.58
4 (QN/Block) 	Elapsed: 0.326	Loglikelihood: -482756	(delta): 2299.16
5 (QN/Block) 	Elapsed: 0.329	Loglikelihood: -481804	(delta): 952.434
6 (QN/Block) 	Elapsed: 0.338	Loglikelihood: -480995	(delta): 808.235
7 (QN/Block) 	Elapsed: 0.358	Loglikelihood: -480291	(delta): 703.978
8 (QN/Block) 	Elapsed: 0.355	Loglikelihood: -480230	(delta): 61.7752
9 (QN/Block) 	Elapsed: 0.357	Loglikelihood: -480195	(delta): 34.9227
10 (QN/Block) 	Elapsed: 0.347	Loglikelihood: -480097	(delta): 98.0584
11 (QN/Block) 	Elapsed: 0.326	Loglikelihood: -480035	(delta): 61.9837
12 (QN/Block) 	Elapsed: 0.324	Loglikelihood: -479873	(delta): 161.511
13 (QN/Block) 	Elapsed: 0.326	Loglikelihood: -479536	(delta): 337.573
14 (QN/Block) 	Elapsed: 0.327	Loglikelihood: -479460	(delta): 75.664
15 (QN/Block) 	Elapsed: 0.354	Loglikelihood: -479411	(delta): 49.0039
16 (QN/Block) 	Elapsed: 0.355	Loglikelihood: -479273	(delta): 138.085
17 (QN/Block) 	Elapsed: 0.357	Loglikelihood: -478829	(delta): 443.895
18 (QN/Block) 	Elapsed: 0.355	Loglikelihood: -478082	(delta): 746.993
19 (QN/Block) 	Elapsed: 0.356	Loglikelihood: -477123	(delta): 959.21
20 (QN/Block) 	Elapsed: 0.334	Loglikelihood: -476244	(delta): 878.533
21 (QN/Block) 	Elapsed: 0.331	Loglikelihood: -475766	(delta): 478.65
22 (QN/Block) 	Elapsed: 0.332	Loglikelihood: -475287	(delta): 478.447
23 (QN/Block) 	Elapsed: 0.336	Loglikelihood: -475117	(delta): 169.955
24 (QN/Block) 	Elapsed: 0.352	Loglikelihood: -474845	(delta): 271.755
25 (QN/Block) 	Elapsed: 0.353	Loglikelihood: -474487	(delta): 358.052
26 (QN/Block) 	Elapsed: 0.358	Loglikelihood: -474219	(delta): 268.636
27 (QN/Block) 	Elapsed: 0.337	Loglikelihood: -474132	(delta): 87.1574
28 (QN/Block) 	Elapsed: 0.353	Loglikelihood: -474106	(delta): 25.9728
29 (QN/Block) 	Elapsed: 0.356	Loglikelihood: -474104	(delta): 1.69195
30 (QN/Block) 	Elapsed: 0.35	Loglikelihood: -474103	(delta): 0.720969
31 (QN/Block) 	Elapsed: 0.358	Loglikelihood: -474102	(delta): 0.958769
32 (QN/Block) 	Elapsed: 0.358	Loglikelihood: -474100	(delta): 2.35415
33 (QN/Block) 	Elapsed: 0.348	Loglikelihood: -474091	(delta): 8.87962
34 (QN/Block) 	Elapsed: 0.345	Loglikelihood: -474084	(delta): 7.37897
35 (QN/Block) 	Elapsed: 0.352	Loglikelihood: -474083	(delta): 0.97644
36 (QN/Block) 	Elapsed: 0.324	Loglikelihood: -474083	(delta): 0.0827617
37 (QN/Block) 	Elapsed: 0.321	Loglikelihood: -474083	(delta): 0.024187
38 (QN/Block) 	Elapsed: 0.322	Loglikelihood: -474083	(delta): 0.00501163
39 (QN/Block) 	Elapsed: 0.326	Loglikelihood: -474083	(delta): 0.000929664
40 (QN/Block) 	Elapsed: 0.325	Loglikelihood: -474083	(delta): 0.000203333
41 (QN/Block) 	Elapsed: 0.329	Loglikelihood: -474083	(delta): 2.64971e-05
Summary: 
Converged in 41 iterations (14.862 sec)
Loglikelihood: -474082.558773
Fst divergences between estimated populations: 
	Pop0	Pop1	Pop2	
Pop0	
Pop1	0.194	
Pop2	0.188	0.176	
Pop3	0.229	0.136	0.208	
CV error (K=4): 1.28139
Writing output files.
