****                   ADMIXTURE Version 1.3.0                  ****
****                    Copyright 2008-2015                     ****
****           David Alexander, Suyash Shringarpure,            ****
****                John  Novembre, Ken Lange                   ****
****                                                            ****
****                 Please cite our paper!                     ****
****   Information at www.genetics.ucla.edu/software/admixture  ****

Cross-validation will be performed.  Folds=5.
Random seed: 43
Point estimation method: Block relaxation algorithm
Convergence acceleration algorithm: QuasiNewton, 3 secant conditions
Point estimation will terminate when objective function delta < 0.0001
Estimation of standard errors disabled; will compute point estimates only.
Size of G: 70x25556
Performing five EM steps to prime main algorithm
1 (EM) 	Elapsed: 0.226	Loglikelihood: -1.32478e+06	(delta): 1.42742e+06
2 (EM) 	Elapsed: 0.223	Loglikelihood: -1.26436e+06	(delta): 60419.5
3 (EM) 	Elapsed: 0.223	Loglikelihood: -1.24684e+06	(delta): 17524.4
4 (EM) 	Elapsed: 0.223	Loglikelihood: -1.23615e+06	(delta): 10685.1
5 (EM) 	Elapsed: 0.223	Loglikelihood: -1.22843e+06	(delta): 7716.66
Initial loglikelihood: -1.22843e+06
Starting main algorithm
1 (QN/Block) 	Elapsed: 0.576	Loglikelihood: -1.12979e+06	(delta): 98647.9
2 (QN/Block) 	Elapsed: 0.574	Loglikelihood: -1.10473e+06	(delta): 25060.7
3 (QN/Block) 	Elapsed: 0.647	Loglikelihood: -1.09607e+06	(delta): 8655.21
4 (QN/Block) 	Elapsed: 0.63	Loglikelihood: -1.09221e+06	(delta): 3863.47
5 (QN/Block) 	Elapsed: 0.665	Loglikelihood: -1.09026e+06	(delta): 1951.16
6 (QN/Block) 	Elapsed: 0.692	Loglikelihood: -1.08735e+06	(delta): 2902.71
7 (QN/Block) 	Elapsed: 0.686	Loglikelihood: -1.07633e+06	(delta): 11026.3
8 (QN/Block) 	Elapsed: 0.661	Loglikelihood: -1.07199e+06	(delta): 4335.43
9 (QN/Block) 	Elapsed: 0.683	Loglikelihood: -1.06931e+06	(delta): 2678.28
10 (QN/Block) 	Elapsed: 0.612	Loglikelihood: -1.06857e+06	(delta): 742.524
11 (QN/Block) 	Elapsed: 0.613	Loglikelihood: -1.06845e+06	(delta): 117.588
12 (QN/Block) 	Elapsed: 0.634	Loglikelihood: -1.06844e+06	(delta): 13.9805
13 (QN/Block) 	Elapsed: 0.642	Loglikelihood: -1.06844e+06	(delta): 0.942727
14 (QN/Block) 	Elapsed: 0.712	Loglikelihood: -1.06844e+06	(delta): 0.0585758
15 (QN/Block) 	Elapsed: 0.618	Loglikelihood: -1.06844e+06	(delta): 0.00892757
16 (QN/Block) 	Elapsed: 0.615	Loglikelihood: -1.06844e+06	(delta): 0.000115208
17 (QN/Block) 	Elapsed: 0.622	Loglikelihood: -1.06844e+06	(delta): 7.32997e-06
Summary: 
Converged in 17 iterations (12.598 sec)
Loglikelihood: -1068437.384419
Fst divergences between estimated populations: 
	Pop0	Pop1	Pop2	
Pop0	
Pop1	0.124	
Pop2	0.179	0.172	
Pop3	0.185	0.192	0.193	
CV error (K=4): 0.46925
Writing output files.
