****                   ADMIXTURE Version 1.3.0                  ****
****                    Copyright 2008-2015                     ****
****           David Alexander, Suyash Shringarpure,            ****
****                John  Novembre, Ken Lange                   ****
****                                                            ****
****                 Please cite our paper!                     ****
****   Information at www.genetics.ucla.edu/software/admixture  ****

Cross-validation will be performed.  Folds=5.
Random seed: 43
Point estimation method: Block relaxation algorithm
Convergence acceleration algorithm: QuasiNewton, 3 secant conditions
Point estimation will terminate when objective function delta < 0.0001
Estimation of standard errors disabled; will compute point estimates only.
Size of G: 80x25568
Performing five EM steps to prime main algorithm
1 (EM) 	Elapsed: 0.252	Loglikelihood: -1.48084e+06	(delta): 1.66483e+06
2 (EM) 	Elapsed: 0.252	Loglikelihood: -1.41342e+06	(delta): 67420.7
3 (EM) 	Elapsed: 0.252	Loglikelihood: -1.39393e+06	(delta): 19489.9
4 (EM) 	Elapsed: 0.252	Loglikelihood: -1.38189e+06	(delta): 12041.7
5 (EM) 	Elapsed: 0.251	Loglikelihood: -1.3732e+06	(delta): 8693.12
Initial loglikelihood: -1.3732e+06
Starting main algorithm
1 (QN/Block) 	Elapsed: 0.641	Loglikelihood: -1.28652e+06	(delta): 86679.2
2 (QN/Block) 	Elapsed: 0.657	Loglikelihood: -1.2374e+06	(delta): 49117.3
3 (QN/Block) 	Elapsed: 0.753	Loglikelihood: -1.21105e+06	(delta): 26346.3
4 (QN/Block) 	Elapsed: 0.796	Loglikelihood: -1.20163e+06	(delta): 9422.06
5 (QN/Block) 	Elapsed: 0.719	Loglikelihood: -1.19877e+06	(delta): 2858.99
6 (QN/Block) 	Elapsed: 0.741	Loglikelihood: -1.19818e+06	(delta): 589.119
7 (QN/Block) 	Elapsed: 0.732	Loglikelihood: -1.19807e+06	(delta): 111.794
8 (QN/Block) 	Elapsed: 0.71	Loglikelihood: -1.19806e+06	(delta): 17.0721
9 (QN/Block) 	Elapsed: 0.754	Loglikelihood: -1.19805e+06	(delta): 1.68878
10 (QN/Block) 	Elapsed: 0.696	Loglikelihood: -1.19805e+06	(delta): 0.0289814
11 (QN/Block) 	Elapsed: 0.709	Loglikelihood: -1.19805e+06	(delta): 0.0044738
12 (QN/Block) 	Elapsed: 0.787	Loglikelihood: -1.19805e+06	(delta): 0.000302388
13 (QN/Block) 	Elapsed: 0.702	Loglikelihood: -1.19805e+06	(delta): 1.23377e-06
Summary: 
Converged in 13 iterations (11.221 sec)
Loglikelihood: -1198053.751216
Fst divergences between estimated populations: 
	Pop0	Pop1	Pop2	
Pop0	
Pop1	0.169	
Pop2	0.118	0.154	
Pop3	0.185	0.184	0.186	
CV error (K=4): 0.43703
Writing output files.
