****                   ADMIXTURE Version 1.3.0                  ****
****                    Copyright 2008-2015                     ****
****           David Alexander, Suyash Shringarpure,            ****
****                John  Novembre, Ken Lange                   ****
****                                                            ****
****                 Please cite our paper!                     ****
****   Information at www.genetics.ucla.edu/software/admixture  ****

Cross-validation will be performed.  Folds=5.
Random seed: 43
Point estimation method: Block relaxation algorithm
Convergence acceleration algorithm: QuasiNewton, 3 secant conditions
Point estimation will terminate when objective function delta < 0.0001
Estimation of standard errors disabled; will compute point estimates only.
Size of G: 48x26891
Performing five EM steps to prime main algorithm
1 (EM) 	Elapsed: 0.162	Loglikelihood: -996294	(delta): 969156
2 (EM) 	Elapsed: 0.159	Loglikelihood: -950271	(delta): 46023.3
3 (EM) 	Elapsed: 0.159	Loglikelihood: -936629	(delta): 13642.2
4 (EM) 	Elapsed: 0.159	Loglikelihood: -928239	(delta): 8389.96
5 (EM) 	Elapsed: 0.159	Loglikelihood: -922202	(delta): 6037.43
Initial loglikelihood: -922202
Starting main algorithm
1 (QN/Block) 	Elapsed: 0.443	Loglikelihood: -874188	(delta): 48014
2 (QN/Block) 	Elapsed: 0.445	Loglikelihood: -856840	(delta): 17347.9
3 (QN/Block) 	Elapsed: 0.507	Loglikelihood: -844828	(delta): 12011.2
4 (QN/Block) 	Elapsed: 0.491	Loglikelihood: -839844	(delta): 4984.02
5 (QN/Block) 	Elapsed: 0.495	Loglikelihood: -837375	(delta): 2468.84
6 (QN/Block) 	Elapsed: 0.486	Loglikelihood: -835467	(delta): 1908.92
7 (QN/Block) 	Elapsed: 0.505	Loglikelihood: -833750	(delta): 1716.95
8 (QN/Block) 	Elapsed: 0.495	Loglikelihood: -832140	(delta): 1609.26
9 (QN/Block) 	Elapsed: 0.529	Loglikelihood: -831664	(delta): 476.364
10 (QN/Block) 	Elapsed: 0.49	Loglikelihood: -831521	(delta): 142.644
11 (QN/Block) 	Elapsed: 0.53	Loglikelihood: -831438	(delta): 83.7389
12 (QN/Block) 	Elapsed: 0.539	Loglikelihood: -831421	(delta): 16.3128
13 (QN/Block) 	Elapsed: 0.532	Loglikelihood: -831420	(delta): 1.48721
14 (QN/Block) 	Elapsed: 0.514	Loglikelihood: -831419	(delta): 1.14253
15 (QN/Block) 	Elapsed: 0.513	Loglikelihood: -831417	(delta): 1.1992
16 (QN/Block) 	Elapsed: 0.512	Loglikelihood: -831417	(delta): 0.64858
17 (QN/Block) 	Elapsed: 0.497	Loglikelihood: -831417	(delta): 0.105013
18 (QN/Block) 	Elapsed: 0.493	Loglikelihood: -831417	(delta): 0.0752117
19 (QN/Block) 	Elapsed: 0.489	Loglikelihood: -831417	(delta): 0.0250008
20 (QN/Block) 	Elapsed: 0.495	Loglikelihood: -831417	(delta): 0.0138356
21 (QN/Block) 	Elapsed: 0.493	Loglikelihood: -831417	(delta): 0.00848402
22 (QN/Block) 	Elapsed: 0.484	Loglikelihood: -831417	(delta): 0.0361036
23 (QN/Block) 	Elapsed: 0.495	Loglikelihood: -831417	(delta): 0.0151818
24 (QN/Block) 	Elapsed: 0.495	Loglikelihood: -831417	(delta): 0.0171445
25 (QN/Block) 	Elapsed: 0.496	Loglikelihood: -831417	(delta): 0.00425238
26 (QN/Block) 	Elapsed: 0.494	Loglikelihood: -831417	(delta): 0.00367752
27 (QN/Block) 	Elapsed: 0.483	Loglikelihood: -831417	(delta): 0.00203219
28 (QN/Block) 	Elapsed: 0.486	Loglikelihood: -831417	(delta): 0.00223138
29 (QN/Block) 	Elapsed: 0.494	Loglikelihood: -831417	(delta): 0.00213442
30 (QN/Block) 	Elapsed: 0.53	Loglikelihood: -831416	(delta): 0.0231945
31 (QN/Block) 	Elapsed: 0.542	Loglikelihood: -831416	(delta): 0.0395637
32 (QN/Block) 	Elapsed: 0.537	Loglikelihood: -831416	(delta): 0.0760229
33 (QN/Block) 	Elapsed: 0.506	Loglikelihood: -831416	(delta): 0.245636
34 (QN/Block) 	Elapsed: 0.512	Loglikelihood: -831416	(delta): 0.274665
35 (QN/Block) 	Elapsed: 0.544	Loglikelihood: -831415	(delta): 0.601377
36 (QN/Block) 	Elapsed: 0.482	Loglikelihood: -831414	(delta): 1.44108
37 (QN/Block) 	Elapsed: 0.541	Loglikelihood: -831413	(delta): 1.19474
38 (QN/Block) 	Elapsed: 0.548	Loglikelihood: -831411	(delta): 1.77495
39 (QN/Block) 	Elapsed: 0.54	Loglikelihood: -831408	(delta): 2.9111
40 (QN/Block) 	Elapsed: 0.546	Loglikelihood: -831402	(delta): 5.90416
41 (QN/Block) 	Elapsed: 0.548	Loglikelihood: -831388	(delta): 14.1192
42 (QN/Block) 	Elapsed: 0.551	Loglikelihood: -831347	(delta): 40.8839
43 (QN/Block) 	Elapsed: 0.541	Loglikelihood: -831230	(delta): 117.149
44 (QN/Block) 	Elapsed: 0.546	Loglikelihood: -831213	(delta): 16.5885
45 (QN/Block) 	Elapsed: 0.546	Loglikelihood: -831213	(delta): 0.158113
46 (QN/Block) 	Elapsed: 0.496	Loglikelihood: -831213	(delta): 0.0531904
47 (QN/Block) 	Elapsed: 0.529	Loglikelihood: -831213	(delta): 0.00266041
48 (QN/Block) 	Elapsed: 0.49	Loglikelihood: -831213	(delta): 0.000493492
49 (QN/Block) 	Elapsed: 0.502	Loglikelihood: -831213	(delta): 6.37677e-06
Summary: 
Converged in 49 iterations (26.799 sec)
Loglikelihood: -831213.075865
Fst divergences between estimated populations: 
	Pop0	Pop1	Pop2	
Pop0	
Pop1	0.123	
Pop2	0.197	0.193	
Pop3	0.202	0.186	0.156	
CV error (K=4): 0.62421
Writing output files.
