****                   ADMIXTURE Version 1.3.0                  ****
****                    Copyright 2008-2015                     ****
****           David Alexander, Suyash Shringarpure,            ****
****                John  Novembre, Ken Lange                   ****
****                                                            ****
****                 Please cite our paper!                     ****
****   Information at www.genetics.ucla.edu/software/admixture  ****

Cross-validation will be performed.  Folds=5.
Random seed: 43
Point estimation method: Block relaxation algorithm
Convergence acceleration algorithm: QuasiNewton, 3 secant conditions
Point estimation will terminate when objective function delta < 0.0001
Estimation of standard errors disabled; will compute point estimates only.
Size of G: 80x25568
Performing five EM steps to prime main algorithm
1 (EM) 	Elapsed: 0.338	Loglikelihood: -1.48253e+06	(delta): 1.59034e+06
2 (EM) 	Elapsed: 0.33	Loglikelihood: -1.41485e+06	(delta): 67679
3 (EM) 	Elapsed: 0.33	Loglikelihood: -1.39687e+06	(delta): 17974.9
4 (EM) 	Elapsed: 0.331	Loglikelihood: -1.38555e+06	(delta): 11318.5
5 (EM) 	Elapsed: 0.331	Loglikelihood: -1.37709e+06	(delta): 8463.99
Initial loglikelihood: -1.37709e+06
Starting main algorithm
1 (QN/Block) 	Elapsed: 0.802	Loglikelihood: -1.25331e+06	(delta): 123779
2 (QN/Block) 	Elapsed: 0.804	Loglikelihood: -1.20907e+06	(delta): 44237.5
3 (QN/Block) 	Elapsed: 0.872	Loglikelihood: -1.19804e+06	(delta): 11031.8
4 (QN/Block) 	Elapsed: 0.871	Loglikelihood: -1.19184e+06	(delta): 6203.07
5 (QN/Block) 	Elapsed: 0.867	Loglikelihood: -1.18885e+06	(delta): 2985.08
6 (QN/Block) 	Elapsed: 0.868	Loglikelihood: -1.18809e+06	(delta): 761.711
7 (QN/Block) 	Elapsed: 0.867	Loglikelihood: -1.18778e+06	(delta): 309.791
8 (QN/Block) 	Elapsed: 0.895	Loglikelihood: -1.18759e+06	(delta): 194.402
9 (QN/Block) 	Elapsed: 0.89	Loglikelihood: -1.18746e+06	(delta): 124.863
10 (QN/Block) 	Elapsed: 0.919	Loglikelihood: -1.18739e+06	(delta): 68.4078
11 (QN/Block) 	Elapsed: 0.949	Loglikelihood: -1.18732e+06	(delta): 72.0124
12 (QN/Block) 	Elapsed: 0.963	Loglikelihood: -1.18723e+06	(delta): 87.45
13 (QN/Block) 	Elapsed: 0.89	Loglikelihood: -1.18712e+06	(delta): 109.238
14 (QN/Block) 	Elapsed: 0.948	Loglikelihood: -1.18711e+06	(delta): 9.91797
15 (QN/Block) 	Elapsed: 0.948	Loglikelihood: -1.18711e+06	(delta): 0.452316
16 (QN/Block) 	Elapsed: 0.947	Loglikelihood: -1.18711e+06	(delta): 0.593391
17 (QN/Block) 	Elapsed: 0.947	Loglikelihood: -1.18711e+06	(delta): 0.939729
18 (QN/Block) 	Elapsed: 0.948	Loglikelihood: -1.18711e+06	(delta): 1.37896
19 (QN/Block) 	Elapsed: 0.948	Loglikelihood: -1.18711e+06	(delta): 2.07527
20 (QN/Block) 	Elapsed: 0.947	Loglikelihood: -1.18711e+06	(delta): 2.26171
21 (QN/Block) 	Elapsed: 0.95	Loglikelihood: -1.18711e+06	(delta): 0.0394358
22 (QN/Block) 	Elapsed: 0.875	Loglikelihood: -1.18711e+06	(delta): 0.0849002
23 (QN/Block) 	Elapsed: 0.876	Loglikelihood: -1.18711e+06	(delta): 0.0410945
24 (QN/Block) 	Elapsed: 0.905	Loglikelihood: -1.18711e+06	(delta): 0.0432581
25 (QN/Block) 	Elapsed: 0.873	Loglikelihood: -1.18711e+06	(delta): 0.0204277
26 (QN/Block) 	Elapsed: 0.948	Loglikelihood: -1.18711e+06	(delta): 0.00888668
27 (QN/Block) 	Elapsed: 0.947	Loglikelihood: -1.18711e+06	(delta): 0.0108549
28 (QN/Block) 	Elapsed: 0.947	Loglikelihood: -1.18711e+06	(delta): 0.0139896
29 (QN/Block) 	Elapsed: 0.952	Loglikelihood: -1.18711e+06	(delta): 0.0186533
30 (QN/Block) 	Elapsed: 0.953	Loglikelihood: -1.18711e+06	(delta): 0.0268101
31 (QN/Block) 	Elapsed: 0.949	Loglikelihood: -1.18711e+06	(delta): 0.038568
32 (QN/Block) 	Elapsed: 0.948	Loglikelihood: -1.18711e+06	(delta): 0.0543769
33 (QN/Block) 	Elapsed: 0.948	Loglikelihood: -1.18711e+06	(delta): 0.0821769
34 (QN/Block) 	Elapsed: 0.962	Loglikelihood: -1.18711e+06	(delta): 0.12667
35 (QN/Block) 	Elapsed: 0.953	Loglikelihood: -1.18711e+06	(delta): 0.200981
36 (QN/Block) 	Elapsed: 0.962	Loglikelihood: -1.18711e+06	(delta): 0.328294
37 (QN/Block) 	Elapsed: 0.949	Loglikelihood: -1.18711e+06	(delta): 0.543218
38 (QN/Block) 	Elapsed: 0.948	Loglikelihood: -1.1871e+06	(delta): 0.98125
39 (QN/Block) 	Elapsed: 0.949	Loglikelihood: -1.1871e+06	(delta): 2.23542
40 (QN/Block) 	Elapsed: 0.961	Loglikelihood: -1.1871e+06	(delta): 5.6483
41 (QN/Block) 	Elapsed: 0.95	Loglikelihood: -1.18709e+06	(delta): 7.38991
42 (QN/Block) 	Elapsed: 0.948	Loglikelihood: -1.18709e+06	(delta): 0.0458163
43 (QN/Block) 	Elapsed: 0.904	Loglikelihood: -1.18709e+06	(delta): 0.00359999
44 (QN/Block) 	Elapsed: 0.86	Loglikelihood: -1.18709e+06	(delta): 0.000668144
45 (QN/Block) 	Elapsed: 0.893	Loglikelihood: -1.18709e+06	(delta): 0.00028084
46 (QN/Block) 	Elapsed: 0.874	Loglikelihood: -1.18709e+06	(delta): 0.000473084
47 (QN/Block) 	Elapsed: 0.862	Loglikelihood: -1.18709e+06	(delta): 0.000725931
48 (QN/Block) 	Elapsed: 0.86	Loglikelihood: -1.18709e+06	(delta): 0.00214195
49 (QN/Block) 	Elapsed: 0.949	Loglikelihood: -1.18709e+06	(delta): 0.00249976
50 (QN/Block) 	Elapsed: 0.947	Loglikelihood: -1.18709e+06	(delta): 0.00271336
51 (QN/Block) 	Elapsed: 0.949	Loglikelihood: -1.18709e+06	(delta): 0.00270088
52 (QN/Block) 	Elapsed: 0.918	Loglikelihood: -1.18709e+06	(delta): 0.00170497
53 (QN/Block) 	Elapsed: 0.949	Loglikelihood: -1.18709e+06	(delta): 0.00142747
54 (QN/Block) 	Elapsed: 0.918	Loglikelihood: -1.18709e+06	(delta): 0.000270109
55 (QN/Block) 	Elapsed: 0.862	Loglikelihood: -1.18709e+06	(delta): 0.000132404
56 (QN/Block) 	Elapsed: 0.858	Loglikelihood: -1.18709e+06	(delta): 9.99006e-06
Summary: 
Converged in 56 iterations (54.886 sec)
Loglikelihood: -1187088.739615
Fst divergences between estimated populations: 
	Pop0	Pop1	Pop2	Pop3	
Pop0	
Pop1	0.118	
Pop2	0.191	0.193	
Pop3	0.193	0.194	0.054	
Pop4	0.169	0.154	0.191	0.192	
CV error (K=5): 0.46533
Writing output files.
