****                   ADMIXTURE Version 1.3.0                  ****
****                    Copyright 2008-2015                     ****
****           David Alexander, Suyash Shringarpure,            ****
****                John  Novembre, Ken Lange                   ****
****                                                            ****
****                 Please cite our paper!                     ****
****   Information at www.genetics.ucla.edu/software/admixture  ****

Cross-validation will be performed.  Folds=5.
Random seed: 43
Point estimation method: Block relaxation algorithm
Convergence acceleration algorithm: QuasiNewton, 3 secant conditions
Point estimation will terminate when objective function delta < 0.0001
Estimation of standard errors disabled; will compute point estimates only.
Size of G: 70x25556
Performing five EM steps to prime main algorithm
1 (EM) 	Elapsed: 0.291	Loglikelihood: -1.32617e+06	(delta): 1.36118e+06
2 (EM) 	Elapsed: 0.29	Loglikelihood: -1.26565e+06	(delta): 60518.7
3 (EM) 	Elapsed: 0.29	Loglikelihood: -1.2491e+06	(delta): 16555.8
4 (EM) 	Elapsed: 0.29	Loglikelihood: -1.23864e+06	(delta): 10453.6
5 (EM) 	Elapsed: 0.29	Loglikelihood: -1.23072e+06	(delta): 7921.06
Initial loglikelihood: -1.23072e+06
Starting main algorithm
1 (QN/Block) 	Elapsed: 0.72	Loglikelihood: -1.12701e+06	(delta): 103716
2 (QN/Block) 	Elapsed: 0.722	Loglikelihood: -1.08469e+06	(delta): 42318.3
3 (QN/Block) 	Elapsed: 0.783	Loglikelihood: -1.06768e+06	(delta): 17005.8
4 (QN/Block) 	Elapsed: 0.865	Loglikelihood: -1.06146e+06	(delta): 6226.52
5 (QN/Block) 	Elapsed: 0.804	Loglikelihood: -1.05907e+06	(delta): 2385.35
6 (QN/Block) 	Elapsed: 0.823	Loglikelihood: -1.05823e+06	(delta): 845.924
7 (QN/Block) 	Elapsed: 0.849	Loglikelihood: -1.05796e+06	(delta): 264.161
8 (QN/Block) 	Elapsed: 0.857	Loglikelihood: -1.0579e+06	(delta): 56.2955
9 (QN/Block) 	Elapsed: 0.858	Loglikelihood: -1.05783e+06	(delta): 79.5195
10 (QN/Block) 	Elapsed: 0.862	Loglikelihood: -1.05776e+06	(delta): 67.0575
11 (QN/Block) 	Elapsed: 0.827	Loglikelihood: -1.05775e+06	(delta): 9.49803
12 (QN/Block) 	Elapsed: 0.848	Loglikelihood: -1.05774e+06	(delta): 4.4259
13 (QN/Block) 	Elapsed: 0.847	Loglikelihood: -1.05774e+06	(delta): 1.75133
14 (QN/Block) 	Elapsed: 0.849	Loglikelihood: -1.05774e+06	(delta): 2.32408
15 (QN/Block) 	Elapsed: 0.854	Loglikelihood: -1.05774e+06	(delta): 3.5138
16 (QN/Block) 	Elapsed: 0.825	Loglikelihood: -1.05773e+06	(delta): 7.26817
17 (QN/Block) 	Elapsed: 0.862	Loglikelihood: -1.05769e+06	(delta): 35.4991
18 (QN/Block) 	Elapsed: 0.858	Loglikelihood: -1.05767e+06	(delta): 22.7396
19 (QN/Block) 	Elapsed: 0.859	Loglikelihood: -1.05767e+06	(delta): 1.60101
20 (QN/Block) 	Elapsed: 0.85	Loglikelihood: -1.05767e+06	(delta): 0.986648
21 (QN/Block) 	Elapsed: 0.846	Loglikelihood: -1.05767e+06	(delta): 0.624993
22 (QN/Block) 	Elapsed: 0.834	Loglikelihood: -1.05767e+06	(delta): 0.00611408
23 (QN/Block) 	Elapsed: 0.846	Loglikelihood: -1.05767e+06	(delta): 0.00162091
24 (QN/Block) 	Elapsed: 0.774	Loglikelihood: -1.05767e+06	(delta): 0.000861309
25 (QN/Block) 	Elapsed: 0.774	Loglikelihood: -1.05767e+06	(delta): 1.44816e-05
Summary: 
Converged in 25 iterations (23.012 sec)
Loglikelihood: -1057668.112292
Fst divergences between estimated populations: 
	Pop0	Pop1	Pop2	Pop3	
Pop0	
Pop1	0.172	
Pop2	0.179	0.124	
Pop3	0.204	0.205	0.198	
Pop4	0.199	0.198	0.191	0.056	
CV error (K=5): 0.49890
Writing output files.
