****                   ADMIXTURE Version 1.3.0                  ****
****                    Copyright 2008-2015                     ****
****           David Alexander, Suyash Shringarpure,            ****
****                John  Novembre, Ken Lange                   ****
****                                                            ****
****                 Please cite our paper!                     ****
****   Information at www.genetics.ucla.edu/software/admixture  ****

Cross-validation will be performed.  Folds=5.
Random seed: 43
Point estimation method: Block relaxation algorithm
Convergence acceleration algorithm: QuasiNewton, 3 secant conditions
Point estimation will terminate when objective function delta < 0.0001
Estimation of standard errors disabled; will compute point estimates only.
Size of G: 80x25568
Performing five EM steps to prime main algorithm
1 (EM) 	Elapsed: 0.421	Loglikelihood: -1.48197e+06	(delta): 1.55195e+06
2 (EM) 	Elapsed: 0.419	Loglikelihood: -1.41233e+06	(delta): 69641.9
3 (EM) 	Elapsed: 0.42	Loglikelihood: -1.39349e+06	(delta): 18836.7
4 (EM) 	Elapsed: 0.42	Loglikelihood: -1.38139e+06	(delta): 12102.8
5 (EM) 	Elapsed: 0.42	Loglikelihood: -1.372e+06	(delta): 9384.98
Initial loglikelihood: -1.372e+06
Starting main algorithm
1 (QN/Block) 	Elapsed: 1.031	Loglikelihood: -1.24595e+06	(delta): 126054
2 (QN/Block) 	Elapsed: 1.003	Loglikelihood: -1.20212e+06	(delta): 43827.4
3 (QN/Block) 	Elapsed: 1.075	Loglikelihood: -1.18691e+06	(delta): 15214.5
4 (QN/Block) 	Elapsed: 1.074	Loglikelihood: -1.17882e+06	(delta): 8091.38
5 (QN/Block) 	Elapsed: 1.071	Loglikelihood: -1.17591e+06	(delta): 2910.33
6 (QN/Block) 	Elapsed: 1.102	Loglikelihood: -1.17464e+06	(delta): 1269.82
7 (QN/Block) 	Elapsed: 1.099	Loglikelihood: -1.1736e+06	(delta): 1038.15
8 (QN/Block) 	Elapsed: 1.164	Loglikelihood: -1.17271e+06	(delta): 889.828
9 (QN/Block) 	Elapsed: 1.073	Loglikelihood: -1.17238e+06	(delta): 329.861
10 (QN/Block) 	Elapsed: 1.067	Loglikelihood: -1.17207e+06	(delta): 305.384
11 (QN/Block) 	Elapsed: 1.099	Loglikelihood: -1.17187e+06	(delta): 199.186
12 (QN/Block) 	Elapsed: 1.064	Loglikelihood: -1.17177e+06	(delta): 105.581
13 (QN/Block) 	Elapsed: 1.078	Loglikelihood: -1.17173e+06	(delta): 42.7767
14 (QN/Block) 	Elapsed: 1.078	Loglikelihood: -1.17172e+06	(delta): 8.04451
15 (QN/Block) 	Elapsed: 1.161	Loglikelihood: -1.17171e+06	(delta): 8.52909
16 (QN/Block) 	Elapsed: 1.159	Loglikelihood: -1.17169e+06	(delta): 23.2395
17 (QN/Block) 	Elapsed: 1.096	Loglikelihood: -1.17167e+06	(delta): 16.4013
18 (QN/Block) 	Elapsed: 1.098	Loglikelihood: -1.17163e+06	(delta): 38.5889
19 (QN/Block) 	Elapsed: 1.168	Loglikelihood: -1.17157e+06	(delta): 62.3285
20 (QN/Block) 	Elapsed: 1.168	Loglikelihood: -1.17155e+06	(delta): 16.7605
21 (QN/Block) 	Elapsed: 1.064	Loglikelihood: -1.17155e+06	(delta): 0.218137
22 (QN/Block) 	Elapsed: 1.066	Loglikelihood: -1.17155e+06	(delta): 0.02179
23 (QN/Block) 	Elapsed: 1.077	Loglikelihood: -1.17155e+06	(delta): 0.00638734
24 (QN/Block) 	Elapsed: 1.063	Loglikelihood: -1.17155e+06	(delta): 0.000163337
25 (QN/Block) 	Elapsed: 1.064	Loglikelihood: -1.17155e+06	(delta): 2.98279e-06
Summary: 
Converged in 25 iterations (30.433 sec)
Loglikelihood: -1171551.802947
Fst divergences between estimated populations: 
	Pop0	Pop1	Pop2	Pop3	Pop4	
Pop0	
Pop1	0.124	
Pop2	0.185	0.182	
Pop3	0.206	0.214	0.194	
Pop4	0.211	0.217	0.196	0.057	
Pop5	0.173	0.152	0.117	0.195	0.198	
CV error (K=6): 0.50438
Writing output files.
