PLINK v1.90b6.14 64-bit (7 Jan 2020)
Options in effect:
  --allow-extra-chr 0
  --allow-no-sex
  --file WZ
  --make-bed
  --out WZ

Hostname: thermomix
Working directory: /gata/mar/cophyhopa/results/2022-05-09/admixture/ALPINE
Start time: Mon Jun 20 16:31:50 2022

Random number seed: 1655735510
257898 MB RAM detected; reserving 128949 MB for main workspace.
Scanning .ped file... done.
Performing single-pass .bed write (36403 variants, 48 people).
--file: WZ-temporary.bed + WZ-temporary.bim + WZ-temporary.fam written.
36403 variants loaded from .bim file.
48 people (0 males, 0 females, 48 ambiguous) loaded from .fam.
Ambiguous sex IDs written to WZ.nosex .
Using 1 thread (no multithreaded calculations invoked).
Before main variant filters, 48 founders and 0 nonfounders present.
Calculating allele frequencies... done.
Total genotyping rate is 0.98349.
36403 variants and 48 people pass filters and QC.
Note: No phenotypes present.
--make-bed to WZ.bed + WZ.bim + WZ.fam ... done.

End time: Mon Jun 20 16:31:51 2022
