PLINK v1.90b6.14 64-bit (7 Jan 2020)
Options in effect:
  --allow-no-sex
  --bfile arctic_tree
  --freq
  --missing
  --out arctic_tree
  --within treedata_arctic.clust

Hostname: thermomix
Working directory: /gata/mar/cophyhopa/results/2022-06-02
Start time: Wed Jun 15 16:27:53 2022

Random number seed: 1655303273
257898 MB RAM detected; reserving 128949 MB for main workspace.
17939 variants loaded from .bim file.
114 people (0 males, 0 females, 114 ambiguous) loaded from .fam.
Ambiguous sex IDs written to arctic_tree.nosex .
--within: 3 clusters loaded, covering a total of 114 people.
Using 1 thread (no multithreaded calculations invoked).
Before main variant filters, 114 founders and 0 nonfounders present.
Calculating allele frequencies... done.
--freq: Cluster-stratified allele frequencies (founders only) written to
arctic_tree.frq.strat .
--missing: Sample missing data report written to arctic_tree.imiss, and
variant-based cluster-stratified missing data report written to
arctic_tree.lmiss.

End time: Wed Jun 15 16:27:53 2022
