PLINK v1.90b6.14 64-bit (7 Jan 2020)
Options in effect:
  --allow-no-sex
  --bfile treedata
  --freq
  --missing
  --out treedata
  --within treedata.clust

Hostname: thermomix
Working directory: /gata/mar/cophyhopa/results/2022-06-02
Start time: Thu Jun 16 09:15:13 2022

Random number seed: 1655363713
257898 MB RAM detected; reserving 128949 MB for main workspace.
9741 variants loaded from .bim file.
271 people (0 males, 0 females, 271 ambiguous) loaded from .fam.
Ambiguous sex IDs written to treedata.nosex .
--within: 17 clusters loaded, covering a total of 271 people.
Using 1 thread (no multithreaded calculations invoked).
Before main variant filters, 271 founders and 0 nonfounders present.
Calculating allele frequencies... done.
--freq: Cluster-stratified allele frequencies (founders only) written to
treedata.frq.strat .
--missing: Sample missing data report written to treedata.imiss, and
variant-based cluster-stratified missing data report written to treedata.lmiss.

End time: Thu Jun 16 09:15:13 2022
