

processing file: README.Rmd
running: bash  -c "VCF='/gata/mar/cophyhopa/results/2022-04-22/assem2_outfiles/assem2.vcf'

if [ ! -e dirty.recode.vcf ]; then
  vcftools --vcf \$VCF \\
           --out dirty \\
           --remove ~/cophyhopa/results/2022-05-04/TheWorst.txt \\
           --recode \\
           --recode-INFO-all
fi"
running: bash  -c 'vcftools --vcf dirty.recode.vcf \
         --out ./FST/Felchen_Alpine \
         --thin 500 \
         --remove-indels \
         --mac 2 \
         --max-alleles 2 \
         --max-meanDP 1000 \
         --max-missing 1 \
         --weir-fst-pop C.fatioi.txt \
         --weir-fst-pop C.zuerichensis.txt
         
vcftools --vcf dirty.recode.vcf \
         --out ./FST/Felchen_Alpine_w \
         --thin 500 \
         --remove-indels \
         --mac 2 \
         --max-alleles 2 \
         --max-meanDP 1000 \
         --max-missing 1 \
         --weir-fst-pop C.fatioi.txt \
         --weir-fst-pop C.zuerichensis.txt \
         --fst-window-size 250000 \
         --fst-window-step 50000'
running: bash  -c 'vcftools --vcf dirty.recode.vcf \
         --out ./FST/Balchen_Alpine \
         --thin 500 \
         --remove-indels \
         --mac 2 \
         --max-alleles 2 \
         --max-meanDP 1000 \
         --max-missing 1 \
         --weir-fst-pop C.steinmanni.txt \
         --weir-fst-pop C.duplex.txt
         
vcftools --vcf dirty.recode.vcf \
         --out ./FST/Balchen_Alpine_w \
         --thin 500 \
         --remove-indels \
         --mac 2 \
         --max-alleles 2 \
         --max-meanDP 1000 \
         --max-missing 1 \
         --weir-fst-pop C.steinmanni.txt \
         --weir-fst-pop C.duplex.txt \
         --fst-window-size 250000 \
         --fst-window-step 50000'
running: bash  -c 'vcftools --vcf dirty.recode.vcf \
         --out ./FST/Albeli_Alpine \
         --thin 500 \
         --remove-indels \
         --mac 2 \
         --max-alleles 2 \
         --max-meanDP 1000 \
         --max-missing 1 \
         --weir-fst-pop C.albellus.txt \
         --weir-fst-pop C.confusus.txt
         
vcftools --vcf dirty.recode.vcf \
         --out ./FST/Albeli_Alpine_w \
         --thin 500 \
         --remove-indels \
         --mac 2 \
         --max-alleles 2 \
         --max-meanDP 1000 \
         --max-missing 1 \
         --weir-fst-pop C.albellus.txt \
         --weir-fst-pop C.confusus.txt \
         --fst-window-size 250000 \
         --fst-window-step 50000
         '
running: bash  -c 'vcftools --vcf dirty.recode.vcf \
         --out ./FST/P_Arctic \
         --thin 500 \
         --remove-indels \
         --mac 2 \
         --max-alleles 2 \
         --max-meanDP 1000 \
         --max-missing 1 \
         --weir-fst-pop LAN_P.txt \
         --weir-fst-pop SUO_P.txt
         
vcftools --vcf dirty.recode.vcf \
         --out ./FST/P_Arctic_w \
         --thin 500 \
         --remove-indels \
         --mac 2 \
         --max-alleles 2 \
         --max-meanDP 1000 \
         --max-missing 1 \
         --weir-fst-pop LAN_P.txt \
         --weir-fst-pop SUO_P.txt \
         --fst-window-size 250000 \
         --fst-window-step 50000'
running: bash  -c 'vcftools --vcf dirty.recode.vcf \
         --out ./FST/L_Arctic \
         --thin 500 \
         --remove-indels \
         --mac 2 \
         --max-alleles 2 \
         --max-meanDP 1000 \
         --max-missing 1 \
         --weir-fst-pop LAN_L.txt \
         --weir-fst-pop SUO_L.txt
         
vcftools --vcf dirty.recode.vcf \
         --out ./FST/L_Arctic_w \
         --thin 500 \
         --remove-indels \
         --mac 2 \
         --max-alleles 2 \
         --max-meanDP 1000 \
         --max-missing 1 \
         --weir-fst-pop LAN_L.txt \
         --weir-fst-pop SUO_L.txt \
         --fst-window-size 250000 \
         --fst-window-step 50000'
output file: README.knit.md


Output created: README.html
