Kmer Analysis Toolkit (KAT) V2.4.2

Running KAT in COMP mode
------------------------

Input 1 is a sequence file.  Counting kmers for input 1 (../../data/fastq/THU185_12704AAC_CTCTCTAC-CTTAATAG_R1_001.fastq.gz) ... done.  Time taken: 48.8s

Input 2 is a sequence file.  Counting kmers for input 2 (../../data/fastq/WAL078_12865AAC_TACGCTGC-ATAGCCTT_R1_001.fastq.gz) ... done.  Time taken: 42.4s

Comparing hashes ... done.  Time taken: 28.5s

Merging results ... done.  Time taken: 3.0s

Saving results to disk ... done.  Time taken: 0.5s


Summary statistics
------------------

K-mer statistics for: 
 - Hash 1: "../../data/fastq/THU185_12704AAC_CTCTCTAC-CTTAATAG_R1_001.fastq.gz"
 - Hash 2: "../../data/fastq/WAL078_12865AAC_TACGCTGC-ATAGCCTT_R1_001.fastq.gz"

Total K-mers in: 
 - Hash 1: 713037683
 - Hash 2: 832535055

Distinct K-mers in:
 - Hash 1: 79207979
 - Hash 2: 75766378

Total K-mers only found in:
 - Hash 1: 79288320
 - Hash 2: 366315333

Distinct K-mers only found in:
 - Hash 1: 62859911
 - Hash 2: 66739127

Shared K-mers:
 - Total shared found in hash 1: 633749363
 - Total shared found in hash 2: 743486529
 - Distinct shared K-mers: 16348068

Distance between spectra 1 and 2 (all k-mers):
 - Manhattan distance: 4.79701e+06
 - Euclidean distance: 2.62453e+06
 - Cosine distance: 0.000225739
 - Canberra distance: 125.752
 - Jaccard distance: 0.0600484

Distance between spectra 1 and 2 (shared k-mers):
 - Manhattan distance: 1.11758e+06
 - Euclidean distance: 107586
 - Cosine distance: 0.000183081
 - Canberra distance: 126.545
 - Jaccard distance: 0.0661021

Creating plot(s) ... done.  Time taken: 4.8s

Current configuration does not support peak analysis.
KAT COMP completed.
Total runtime: 128.2s

